2025-07-15 13:21:26,454 - __main__ - INFO - setup_theme:1057 - ttkthemes not available, using default themes
2025-07-15 13:21:26,538 - __main__ - INFO - init_hardware_options:363 - CUDA available: 1 GPU(s), Primary: NVIDIA GeForce RTX 3060 Laptop GPU
2025-07-15 13:21:26,539 - __main__ - INFO - __init__:163 - Application initialized successfully
2025-07-15 13:21:26,539 - __main__ - INFO - main:1100 - Starting application main loop
2025-07-15 13:26:20,929 - __main__ - INFO - setup_theme:1057 - ttkthemes not available, using default themes
2025-07-15 13:26:20,968 - __main__ - INFO - init_hardware_options:363 - CUDA available: 1 GPU(s), Primary: NVIDIA GeForce RTX 3060 Laptop GPU
2025-07-15 13:26:20,968 - __main__ - INFO - __init__:163 - Application initialized successfully
2025-07-15 13:26:20,969 - __main__ - INFO - main:1100 - Starting application main loop
2025-07-15 13:26:29,626 - __main__ - INFO - main:1104 - Application interrupted by user
2025-07-15 13:32:15,868 - __main__ - INFO - setup_theme:1057 - ttkthemes not available, using default themes
2025-07-15 13:32:15,942 - __main__ - INFO - init_hardware_options:363 - CUDA available: 1 GPU(s), Primary: NVIDIA GeForce RTX 3060 Laptop GPU
2025-07-15 13:32:15,943 - __main__ - INFO - __init__:163 - Application initialized successfully
2025-07-15 13:32:15,943 - __main__ - INFO - main:1100 - Starting application main loop
2025-07-15 13:32:46,725 - __main__ - INFO - browse_file:492 - File selected: C:/Users/MAX/Desktop/What’s Happening in France？ ｜ Easy French News for French Learners  (Ep.1) [qeW3HJJDBNQ].mp4
2025-07-15 13:32:59,660 - __main__ - INFO - load_model:410 - Loading model: tiny, device: cuda, compute_type: float16
2025-07-15 13:32:59,661 - __main__ - INFO - load_model_thread:431 - Loading Whisper model: size=tiny, device=cuda, compute_type=float16
2025-07-15 13:33:11,742 - __main__ - INFO - load_model_thread:442 - Model loaded successfully
2025-07-15 13:33:11,855 - __main__ - INFO - check_queue:805 - Model loaded successfully
2025-07-15 13:33:20,352 - __main__ - INFO - start_processing:537 - Starting processing: C:/Users/MAX/Desktop/What’s Happening in France？ ｜ Easy French News for French Learners  (Ep.1) [qeW3HJJDBNQ].mp4
2025-07-15 13:33:20,354 - __main__ - INFO - process_audio_thread:564 - Starting audio processing: C:/Users/MAX/Desktop/What’s Happening in France？ ｜ Easy French News for French Learners  (Ep.1) [qeW3HJJDBNQ].mp4
2025-07-15 13:33:20,827 - __main__ - INFO - process_audio_thread:578 - Audio converted successfully: C:\Users\MAX\AppData\Local\Temp\tmpv623lxg6.wav
2025-07-15 13:33:20,850 - __main__ - INFO - process_audio_thread:603 - Audio loaded: 11.4 minutes
2025-07-15 13:33:24,242 - __main__ - INFO - process_audio_thread:635 - Transcription completed. Detected language: fr
2025-07-15 13:33:35,310 - __main__ - INFO - perform_smart_segmentation:716 - Processing 1784 words for segmentation
2025-07-15 13:33:35,311 - __main__ - INFO - perform_smart_segmentation:788 - Created 12 segments from smart segmentation
2025-07-15 13:33:35,312 - __main__ - INFO - process_audio_thread:655 - Segmentation completed: 12 segments
2025-07-15 13:33:35,314 - __main__ - INFO - process_audio_thread:684 - Temporary file cleaned up: C:\Users\MAX\AppData\Local\Temp\tmpv623lxg6.wav
2025-07-15 13:33:35,604 - __main__ - INFO - check_queue:813 - Processing completed successfully
2025-07-15 13:40:46,246 - __main__ - INFO - save_to_txt:950 - Results saved to: C:/Users/MAX/Desktop/What’s Happening in France？ ｜ Easy French News for French Learners  (Ep.1) [qeW3HJJDBNQ]_transcription.txt
2025-07-15 22:43:29,414 - __main__ - INFO - setup_theme:1057 - ttkthemes not available, using default themes
2025-07-15 22:43:29,559 - __main__ - INFO - init_hardware_options:363 - CUDA available: 1 GPU(s), Primary: NVIDIA GeForce RTX 3060 Laptop GPU
2025-07-15 22:43:29,560 - __main__ - INFO - __init__:163 - Application initialized successfully
2025-07-15 22:43:29,560 - __main__ - INFO - main:1100 - Starting application main loop
2025-07-15 22:43:43,567 - __main__ - INFO - browse_file:492 - File selected: C:/Users/MAX/Desktop/The Body in the Woods： A Medieval Murder Mystery [dvVxSIz8_c4].mp4
2025-07-15 22:43:53,093 - __main__ - INFO - load_model:410 - Loading model: base, device: cuda, compute_type: float16
2025-07-15 22:43:53,094 - __main__ - INFO - load_model_thread:431 - Loading Whisper model: size=base, device=cuda, compute_type=float16
2025-07-15 22:43:55,218 - __main__ - INFO - load_model_thread:442 - Model loaded successfully
2025-07-15 22:43:55,328 - __main__ - INFO - check_queue:805 - Model loaded successfully
2025-07-15 22:44:06,006 - __main__ - INFO - load_model:410 - Loading model: tiny, device: cuda, compute_type: float16
2025-07-15 22:44:06,007 - __main__ - INFO - load_model_thread:431 - Loading Whisper model: size=tiny, device=cuda, compute_type=float16
2025-07-15 22:44:07,336 - __main__ - INFO - load_model_thread:442 - Model loaded successfully
2025-07-15 22:44:07,338 - __main__ - INFO - check_queue:805 - Model loaded successfully
2025-07-15 22:44:13,870 - __main__ - INFO - start_processing:537 - Starting processing: C:/Users/MAX/Desktop/The Body in the Woods： A Medieval Murder Mystery [dvVxSIz8_c4].mp4
2025-07-15 22:44:13,871 - __main__ - INFO - process_audio_thread:564 - Starting audio processing: C:/Users/MAX/Desktop/The Body in the Woods： A Medieval Murder Mystery [dvVxSIz8_c4].mp4
2025-07-15 22:44:16,553 - __main__ - INFO - process_audio_thread:578 - Audio converted successfully: C:\Users\MAX\AppData\Local\Temp\tmp86dcilm4.wav
2025-07-15 22:44:16,622 - __main__ - INFO - process_audio_thread:603 - Audio loaded: 58.0 minutes
2025-07-15 22:44:32,853 - __main__ - INFO - process_audio_thread:635 - Transcription completed. Detected language: en
2025-07-15 22:45:28,776 - __main__ - INFO - perform_smart_segmentation:716 - Processing 9666 words for segmentation
2025-07-15 22:45:28,780 - __main__ - INFO - perform_smart_segmentation:788 - Created 59 segments from smart segmentation
2025-07-15 22:45:28,781 - __main__ - INFO - process_audio_thread:655 - Segmentation completed: 59 segments
2025-07-15 22:45:28,782 - __main__ - INFO - process_audio_thread:684 - Temporary file cleaned up: C:\Users\MAX\AppData\Local\Temp\tmp86dcilm4.wav
2025-07-15 22:45:29,021 - __main__ - INFO - check_queue:813 - Processing completed successfully
2025-07-15 22:46:08,625 - __main__ - INFO - play_segment:906 - Playing segment: 3466.7s - 3471.8s
2025-07-15 22:46:17,021 - __main__ - INFO - play_segment:906 - Playing segment: 3406.4s - 3466.7s
2025-07-15 22:46:21,896 - __main__ - INFO - play_segment:906 - Playing segment: 3406.4s - 3466.7s
2025-07-15 22:46:26,258 - __main__ - INFO - play_segment:906 - Playing segment: 3406.4s - 3466.7s
2025-07-15 22:46:27,839 - __main__ - INFO - play_segment:906 - Playing segment: 3466.7s - 3471.8s
2025-07-15 22:47:31,975 - __main__ - INFO - play_segment:906 - Playing segment: 2928.1s - 2984.9s
2025-07-17 18:23:22,283 - __main__ - INFO - setup_theme:1057 - ttkthemes not available, using default themes
2025-07-17 18:23:22,461 - __main__ - INFO - init_hardware_options:363 - CUDA available: 1 GPU(s), Primary: NVIDIA GeForce RTX 3060 Laptop GPU
2025-07-17 18:23:22,461 - __main__ - INFO - __init__:163 - Application initialized successfully
2025-07-17 18:23:22,462 - __main__ - INFO - main:1100 - Starting application main loop
2025-07-17 18:23:28,305 - __main__ - INFO - load_model:410 - Loading model: tiny, device: cuda, compute_type: float16
2025-07-17 18:23:28,306 - __main__ - INFO - load_model_thread:431 - Loading Whisper model: size=tiny, device=cuda, compute_type=float16
2025-07-17 18:23:29,559 - __main__ - INFO - load_model_thread:442 - Model loaded successfully
2025-07-17 18:23:29,655 - __main__ - INFO - check_queue:805 - Model loaded successfully
2025-07-17 18:23:36,681 - __main__ - INFO - browse_file:492 - File selected: C:/Users/MAX/Desktop/1. Introduction [4YY4CTSQ8nY].mp4
2025-07-17 18:23:47,402 - __main__ - INFO - start_processing:537 - Starting processing: C:/Users/MAX/Desktop/1. Introduction [4YY4CTSQ8nY].mp4
2025-07-17 18:23:47,403 - __main__ - INFO - process_audio_thread:564 - Starting audio processing: C:/Users/MAX/Desktop/1. Introduction [4YY4CTSQ8nY].mp4
2025-07-17 18:23:49,174 - __main__ - INFO - process_audio_thread:578 - Audio converted successfully: C:\Users\MAX\AppData\Local\Temp\tmpw9269zn3.wav
2025-07-17 18:23:49,221 - __main__ - INFO - process_audio_thread:603 - Audio loaded: 39.5 minutes
2025-07-17 18:23:58,686 - __main__ - INFO - process_audio_thread:635 - Transcription completed. Detected language: en
2025-07-17 18:24:30,692 - __main__ - INFO - perform_smart_segmentation:716 - Processing 5694 words for segmentation
2025-07-17 18:24:30,696 - __main__ - INFO - perform_smart_segmentation:788 - Created 40 segments from smart segmentation
2025-07-17 18:24:30,696 - __main__ - INFO - process_audio_thread:655 - Segmentation completed: 40 segments
2025-07-17 18:24:30,704 - __main__ - INFO - process_audio_thread:684 - Temporary file cleaned up: C:\Users\MAX\AppData\Local\Temp\tmpw9269zn3.wav
2025-07-17 18:24:31,024 - __main__ - INFO - check_queue:813 - Processing completed successfully
2025-07-17 18:25:27,452 - __main__ - INFO - save_to_txt:950 - Results saved to: C:/Users/MAX/Desktop/1. Introduction [4YY4CTSQ8nY]_transcription.txt
2025-07-17 18:25:28,502 - __main__ - INFO - cleanup_resources:197 - Resources cleaned up successfully
2025-07-17 21:38:52,051 - __main__ - INFO - setup_theme:1057 - ttkthemes not available, using default themes
2025-07-17 21:38:52,186 - __main__ - INFO - init_hardware_options:363 - CUDA available: 1 GPU(s), Primary: NVIDIA GeForce RTX 3060 Laptop GPU
2025-07-17 21:38:52,187 - __main__ - INFO - __init__:163 - Application initialized successfully
2025-07-17 21:38:52,187 - __main__ - INFO - main:1100 - Starting application main loop
2025-07-17 21:39:02,347 - __main__ - INFO - load_model:410 - Loading model: base, device: cuda, compute_type: float16
2025-07-17 21:39:02,348 - __main__ - INFO - load_model_thread:431 - Loading Whisper model: size=base, device=cuda, compute_type=float16
2025-07-17 21:39:04,069 - __main__ - INFO - load_model_thread:442 - Model loaded successfully
2025-07-17 21:39:04,178 - __main__ - INFO - check_queue:805 - Model loaded successfully
2025-07-17 21:39:23,979 - __main__ - INFO - browse_file:492 - File selected: D:/vid/Berkeley professor explains gender theory ｜ Judith Butler [UD9IOllUR4k].mp4
2025-07-17 21:39:48,863 - __main__ - INFO - start_processing:537 - Starting processing: D:/vid/Berkeley professor explains gender theory ｜ Judith Butler [UD9IOllUR4k].mp4
2025-07-17 21:39:48,864 - __main__ - INFO - process_audio_thread:564 - Starting audio processing: D:/vid/Berkeley professor explains gender theory ｜ Judith Butler [UD9IOllUR4k].mp4
2025-07-17 21:39:49,481 - __main__ - INFO - process_audio_thread:578 - Audio converted successfully: C:\Users\MAX\AppData\Local\Temp\tmp6m946z38.wav
2025-07-17 21:39:49,500 - __main__ - INFO - process_audio_thread:603 - Audio loaded: 13.4 minutes
2025-07-17 21:39:53,745 - __main__ - INFO - process_audio_thread:635 - Transcription completed. Detected language: en
2025-07-17 21:40:07,195 - __main__ - INFO - perform_smart_segmentation:716 - Processing 1840 words for segmentation
2025-07-17 21:40:07,196 - __main__ - INFO - perform_smart_segmentation:788 - Created 14 segments from smart segmentation
2025-07-17 21:40:07,197 - __main__ - INFO - process_audio_thread:655 - Segmentation completed: 14 segments
2025-07-17 21:40:07,199 - __main__ - INFO - process_audio_thread:684 - Temporary file cleaned up: C:\Users\MAX\AppData\Local\Temp\tmp6m946z38.wav
2025-07-17 21:40:07,431 - __main__ - INFO - check_queue:813 - Processing completed successfully
2025-07-17 21:40:53,439 - __main__ - INFO - save_to_txt:950 - Results saved to: D:/vid/Berkeley professor explains gender theory ｜ Judith Butler [UD9IOllUR4k]_transcription.txt
2025-07-17 21:40:59,293 - __main__ - INFO - cleanup_resources:197 - Resources cleaned up successfully
2025-07-21 11:37:12,078 - __main__ - INFO - setup_theme:1057 - ttkthemes not available, using default themes
2025-07-21 11:37:12,290 - __main__ - INFO - init_hardware_options:363 - CUDA available: 1 GPU(s), Primary: NVIDIA GeForce RTX 3060 Laptop GPU
2025-07-21 11:37:12,291 - __main__ - INFO - __init__:163 - Application initialized successfully
2025-07-21 11:37:12,291 - __main__ - INFO - main:1100 - Starting application main loop
2025-07-21 11:37:22,364 - __main__ - INFO - load_model:410 - Loading model: large-v3, device: cuda, compute_type: float16
2025-07-21 11:37:22,366 - __main__ - INFO - load_model_thread:431 - Loading Whisper model: size=large-v3, device=cuda, compute_type=float16
2025-07-21 11:37:32,936 - __main__ - INFO - load_model_thread:442 - Model loaded successfully
2025-07-21 11:37:33,054 - __main__ - INFO - check_queue:805 - Model loaded successfully
2025-07-21 11:37:39,751 - __main__ - INFO - browse_file:492 - File selected: D:/vid/Discovering a NEW species of human - BBC [Rctp5-LwsYo].mp4
2025-07-21 11:38:13,361 - __main__ - INFO - start_processing:537 - Starting processing: D:/vid/Discovering a NEW species of human - BBC [Rctp5-LwsYo].mp4
2025-07-21 11:38:13,362 - __main__ - INFO - process_audio_thread:564 - Starting audio processing: D:/vid/Discovering a NEW species of human - BBC [Rctp5-LwsYo].mp4
2025-07-21 11:38:13,649 - __main__ - INFO - process_audio_thread:578 - Audio converted successfully: C:\Users\MAX\AppData\Local\Temp\tmpp3xjf4dn.wav
2025-07-21 11:38:13,653 - __main__ - INFO - process_audio_thread:603 - Audio loaded: 3.1 minutes
2025-07-21 11:38:15,779 - __main__ - INFO - process_audio_thread:635 - Transcription completed. Detected language: en
2025-07-21 11:38:28,689 - __main__ - INFO - perform_smart_segmentation:716 - Processing 410 words for segmentation
2025-07-21 11:38:28,690 - __main__ - INFO - perform_smart_segmentation:788 - Created 2 segments from smart segmentation
2025-07-21 11:38:28,691 - __main__ - INFO - process_audio_thread:655 - Segmentation completed: 2 segments
2025-07-21 11:38:28,692 - __main__ - INFO - process_audio_thread:684 - Temporary file cleaned up: C:\Users\MAX\AppData\Local\Temp\tmpp3xjf4dn.wav
2025-07-21 11:38:28,919 - __main__ - INFO - check_queue:813 - Processing completed successfully
2025-07-21 11:39:36,961 - __main__ - INFO - save_to_txt:950 - Results saved to: D:/vid/Discovering a NEW species of human - BBC [Rctp5-LwsYo]_transcription.txt
2025-07-21 11:39:38,448 - __main__ - INFO - cleanup_resources:197 - Resources cleaned up successfully
2025-07-21 18:08:17,122 - __main__ - INFO - setup_theme:1057 - ttkthemes not available, using default themes
2025-07-21 18:08:17,192 - __main__ - INFO - init_hardware_options:363 - CUDA available: 1 GPU(s), Primary: NVIDIA GeForce RTX 3060 Laptop GPU
2025-07-21 18:08:17,192 - __main__ - INFO - __init__:163 - Application initialized successfully
2025-07-21 18:08:17,192 - __main__ - INFO - main:1100 - Starting application main loop
2025-07-21 18:08:22,824 - __main__ - INFO - load_model:410 - Loading model: large-v3, device: cuda, compute_type: float16
2025-07-21 18:08:22,825 - __main__ - INFO - load_model_thread:431 - Loading Whisper model: size=large-v3, device=cuda, compute_type=float16
2025-07-21 18:08:36,465 - __main__ - INFO - load_model_thread:442 - Model loaded successfully
2025-07-21 18:08:36,570 - __main__ - INFO - check_queue:805 - Model loaded successfully
2025-07-21 18:08:41,656 - __main__ - INFO - browse_file:492 - File selected: D:/Chronocut output/lith1/cut_1. Introduction [4YY4CTSQ8nY]_segment_001.mp4
2025-07-21 18:08:47,789 - __main__ - INFO - start_processing:537 - Starting processing: D:/Chronocut output/lith1/cut_1. Introduction [4YY4CTSQ8nY]_segment_001.mp4
2025-07-21 18:08:47,792 - __main__ - INFO - process_audio_thread:564 - Starting audio processing: D:/Chronocut output/lith1/cut_1. Introduction [4YY4CTSQ8nY]_segment_001.mp4
2025-07-21 18:08:48,051 - __main__ - INFO - process_audio_thread:578 - Audio converted successfully: C:\Users\MAX\AppData\Local\Temp\tmpxjivkxxw.wav
2025-07-21 18:08:48,062 - __main__ - INFO - process_audio_thread:603 - Audio loaded: 4.5 minutes
2025-07-21 18:08:49,977 - __main__ - INFO - process_audio_thread:635 - Transcription completed. Detected language: en
2025-07-21 18:09:11,553 - __main__ - INFO - perform_smart_segmentation:716 - Processing 658 words for segmentation
2025-07-21 18:09:11,554 - __main__ - INFO - perform_smart_segmentation:788 - Created 5 segments from smart segmentation
2025-07-21 18:09:11,554 - __main__ - INFO - process_audio_thread:655 - Segmentation completed: 5 segments
2025-07-21 18:09:11,556 - __main__ - INFO - process_audio_thread:684 - Temporary file cleaned up: C:\Users\MAX\AppData\Local\Temp\tmpxjivkxxw.wav
2025-07-21 18:09:11,850 - __main__ - INFO - check_queue:813 - Processing completed successfully
2025-07-21 18:11:18,044 - __main__ - INFO - save_to_txt:950 - Results saved to: C:/Users/MAX/Desktop/cut_1. Introduction [4YY4CTSQ8nY]_segment_001_transcription.txt
2025-07-22 19:17:42,689 - __main__ - INFO - setup_theme:1057 - ttkthemes not available, using default themes
2025-07-22 19:17:42,883 - __main__ - INFO - init_hardware_options:363 - CUDA available: 1 GPU(s), Primary: NVIDIA GeForce RTX 3060 Laptop GPU
2025-07-22 19:17:42,884 - __main__ - INFO - __init__:163 - Application initialized successfully
2025-07-22 19:17:42,884 - __main__ - INFO - main:1100 - Starting application main loop
2025-07-22 19:17:54,713 - __main__ - INFO - load_model:410 - Loading model: large-v3, device: cuda, compute_type: float16
2025-07-22 19:17:54,714 - __main__ - INFO - load_model_thread:431 - Loading Whisper model: size=large-v3, device=cuda, compute_type=float16
2025-07-22 19:18:01,057 - __main__ - INFO - browse_file:492 - File selected: D:/vid/Ancient Greece in 18 minutes [gFRxmi4uCGo].mp4
2025-07-22 19:18:05,432 - __main__ - INFO - load_model_thread:442 - Model loaded successfully
2025-07-22 19:18:05,535 - __main__ - INFO - check_queue:805 - Model loaded successfully
2025-07-22 19:18:06,847 - __main__ - INFO - start_processing:537 - Starting processing: D:/vid/Ancient Greece in 18 minutes [gFRxmi4uCGo].mp4
2025-07-22 19:18:06,848 - __main__ - INFO - process_audio_thread:564 - Starting audio processing: D:/vid/Ancient Greece in 18 minutes [gFRxmi4uCGo].mp4
2025-07-22 19:18:07,655 - __main__ - INFO - process_audio_thread:578 - Audio converted successfully: C:\Users\MAX\AppData\Local\Temp\tmpo6493vof.wav
2025-07-22 19:18:07,677 - __main__ - INFO - process_audio_thread:603 - Audio loaded: 17.6 minutes
2025-07-22 19:18:12,947 - __main__ - INFO - process_audio_thread:635 - Transcription completed. Detected language: en
2025-07-22 19:19:54,055 - __main__ - INFO - perform_smart_segmentation:716 - Processing 2539 words for segmentation
2025-07-22 19:19:54,058 - __main__ - INFO - perform_smart_segmentation:788 - Created 9 segments from smart segmentation
2025-07-22 19:19:54,058 - __main__ - INFO - process_audio_thread:655 - Segmentation completed: 9 segments
2025-07-22 19:19:54,063 - __main__ - INFO - process_audio_thread:684 - Temporary file cleaned up: C:\Users\MAX\AppData\Local\Temp\tmpo6493vof.wav
2025-07-22 19:19:54,377 - __main__ - INFO - check_queue:813 - Processing completed successfully
2025-07-22 19:20:50,695 - __main__ - INFO - save_to_txt:950 - Results saved to: D:/vid/Ancient Greece in 18 minutes [gFRxmi4uCGo]_transcription.txt
2025-07-22 19:21:18,066 - __main__ - INFO - cleanup_resources:197 - Resources cleaned up successfully
2025-07-28 18:26:42,899 - __main__ - INFO - setup_theme:1057 - ttkthemes not available, using default themes
2025-07-28 18:26:43,138 - __main__ - INFO - init_hardware_options:363 - CUDA available: 1 GPU(s), Primary: NVIDIA GeForce RTX 3060 Laptop GPU
2025-07-28 18:26:43,139 - __main__ - INFO - __init__:163 - Application initialized successfully
2025-07-28 18:26:43,140 - __main__ - INFO - main:1100 - Starting application main loop
2025-07-28 18:26:54,385 - __main__ - INFO - load_model:410 - Loading model: large-v3, device: cuda, compute_type: float16
2025-07-28 18:26:54,386 - __main__ - INFO - load_model_thread:431 - Loading Whisper model: size=large-v3, device=cuda, compute_type=float16
2025-07-28 18:27:09,539 - __main__ - INFO - load_model_thread:442 - Model loaded successfully
2025-07-28 18:27:09,717 - __main__ - INFO - browse_file:492 - File selected: D:/vid/57-61.mp4
2025-07-28 18:27:09,722 - __main__ - INFO - check_queue:805 - Model loaded successfully
2025-07-28 18:27:23,444 - __main__ - INFO - start_processing:537 - Starting processing: D:/vid/57-61.mp4
2025-07-28 18:27:23,446 - __main__ - INFO - process_audio_thread:564 - Starting audio processing: D:/vid/57-61.mp4
2025-07-28 18:27:23,873 - __main__ - INFO - process_audio_thread:578 - Audio converted successfully: C:\Users\MAX\AppData\Local\Temp\tmps40jidrq.wav
2025-07-28 18:27:23,895 - __main__ - INFO - process_audio_thread:603 - Audio loaded: 4.6 minutes
2025-07-28 18:27:26,822 - __main__ - INFO - process_audio_thread:635 - Transcription completed. Detected language: fr
2025-07-28 18:27:52,758 - __main__ - INFO - perform_smart_segmentation:716 - Processing 550 words for segmentation
2025-07-28 18:27:52,759 - __main__ - INFO - perform_smart_segmentation:788 - Created 3 segments from smart segmentation
2025-07-28 18:27:52,759 - __main__ - INFO - process_audio_thread:655 - Segmentation completed: 3 segments
2025-07-28 18:27:52,761 - __main__ - INFO - process_audio_thread:684 - Temporary file cleaned up: C:\Users\MAX\AppData\Local\Temp\tmps40jidrq.wav
2025-07-28 18:27:53,039 - __main__ - INFO - check_queue:813 - Processing completed successfully
2025-07-28 18:28:23,787 - __main__ - INFO - save_to_txt:950 - Results saved to: D:/vid/57-61_transcription.txt
2025-07-28 18:28:24,459 - __main__ - INFO - cleanup_resources:197 - Resources cleaned up successfully
2025-08-03 16:32:13,783 - __main__ - INFO - setup_theme:1057 - ttkthemes not available, using default themes
2025-08-03 16:32:13,980 - __main__ - INFO - init_hardware_options:363 - CUDA available: 1 GPU(s), Primary: NVIDIA GeForce RTX 3060 Laptop GPU
2025-08-03 16:32:13,981 - __main__ - INFO - __init__:163 - Application initialized successfully
2025-08-03 16:32:13,981 - __main__ - INFO - main:1100 - Starting application main loop
2025-08-03 16:32:18,610 - __main__ - INFO - load_model:410 - Loading model: large-v3, device: cuda, compute_type: float16
2025-08-03 16:32:18,611 - __main__ - INFO - load_model_thread:431 - Loading Whisper model: size=large-v3, device=cuda, compute_type=float16
2025-08-03 16:32:31,539 - __main__ - INFO - browse_file:492 - File selected: D:/vid/The Evil Genius of Fascist Design [tjrG7CT3vIg].mp4
2025-08-03 16:32:37,954 - __main__ - INFO - load_model_thread:442 - Model loaded successfully
2025-08-03 16:32:38,045 - __main__ - INFO - check_queue:805 - Model loaded successfully
2025-08-03 16:32:40,755 - __main__ - INFO - start_processing:537 - Starting processing: D:/vid/The Evil Genius of Fascist Design [tjrG7CT3vIg].mp4
2025-08-03 16:32:40,756 - __main__ - INFO - process_audio_thread:564 - Starting audio processing: D:/vid/The Evil Genius of Fascist Design [tjrG7CT3vIg].mp4
2025-08-03 16:32:41,976 - __main__ - INFO - process_audio_thread:578 - Audio converted successfully: C:\Users\MAX\AppData\Local\Temp\tmpzoronfbq.wav
2025-08-03 16:32:42,003 - __main__ - INFO - process_audio_thread:603 - Audio loaded: 23.2 minutes
2025-08-03 16:32:49,182 - __main__ - INFO - process_audio_thread:635 - Transcription completed. Detected language: en
2025-08-03 16:35:47,225 - __main__ - INFO - perform_smart_segmentation:716 - Processing 7047 words for segmentation
2025-08-03 16:35:47,228 - __main__ - INFO - perform_smart_segmentation:788 - Created 12 segments from smart segmentation
2025-08-03 16:35:47,229 - __main__ - INFO - process_audio_thread:655 - Segmentation completed: 12 segments
2025-08-03 16:35:47,230 - __main__ - INFO - process_audio_thread:684 - Temporary file cleaned up: C:\Users\MAX\AppData\Local\Temp\tmpzoronfbq.wav
2025-08-03 16:35:47,525 - __main__ - INFO - check_queue:813 - Processing completed successfully
2025-08-03 16:36:02,499 - __main__ - INFO - save_to_txt:950 - Results saved to: D:/vid/The Evil Genius of Fascist Design [tjrG7CT3vIg]_transcription.txt
2025-08-03 20:28:41,043 - __main__ - INFO - setup_theme:1057 - ttkthemes not available, using default themes
2025-08-03 20:28:41,245 - __main__ - INFO - init_hardware_options:363 - CUDA available: 1 GPU(s), Primary: NVIDIA GeForce RTX 3060 Laptop GPU
2025-08-03 20:28:41,245 - __main__ - INFO - __init__:163 - Application initialized successfully
2025-08-03 20:28:41,246 - __main__ - INFO - main:1100 - Starting application main loop
2025-08-03 20:28:49,834 - __main__ - INFO - load_model:410 - Loading model: large-v3, device: cuda, compute_type: float16
2025-08-03 20:28:49,835 - __main__ - INFO - load_model_thread:431 - Loading Whisper model: size=large-v3, device=cuda, compute_type=float16
2025-08-03 20:29:00,889 - __main__ - INFO - load_model_thread:442 - Model loaded successfully
2025-08-03 20:29:00,988 - __main__ - INFO - check_queue:805 - Model loaded successfully
2025-08-03 20:29:02,352 - __main__ - INFO - browse_file:492 - File selected: D:/vid/Extra French episode 1 with french subtitles [EaNqp4FXh-s].mp4
2025-08-03 20:29:06,222 - __main__ - INFO - start_processing:537 - Starting processing: D:/vid/Extra French episode 1 with french subtitles [EaNqp4FXh-s].mp4
2025-08-03 20:29:06,223 - __main__ - INFO - process_audio_thread:564 - Starting audio processing: D:/vid/Extra French episode 1 with french subtitles [EaNqp4FXh-s].mp4
2025-08-03 20:29:07,130 - __main__ - INFO - process_audio_thread:578 - Audio converted successfully: C:\Users\MAX\AppData\Local\Temp\tmpn8_9ew2u.wav
2025-08-03 20:29:07,163 - __main__ - INFO - process_audio_thread:603 - Audio loaded: 24.5 minutes
2025-08-03 20:29:13,281 - __main__ - INFO - process_audio_thread:635 - Transcription completed. Detected language: fr
2025-08-03 20:30:16,038 - __main__ - INFO - perform_smart_segmentation:716 - Processing 1466 words for segmentation
2025-08-03 20:30:16,039 - __main__ - INFO - perform_smart_segmentation:788 - Created 24 segments from smart segmentation
2025-08-03 20:30:16,039 - __main__ - INFO - process_audio_thread:655 - Segmentation completed: 24 segments
2025-08-03 20:30:16,043 - __main__ - INFO - process_audio_thread:684 - Temporary file cleaned up: C:\Users\MAX\AppData\Local\Temp\tmpn8_9ew2u.wav
2025-08-03 20:30:16,308 - __main__ - INFO - check_queue:813 - Processing completed successfully
2025-08-03 20:30:48,738 - __main__ - INFO - start_processing:537 - Starting processing: D:/vid/Extra French episode 1 with french subtitles [EaNqp4FXh-s].mp4
2025-08-03 20:30:48,739 - __main__ - INFO - process_audio_thread:564 - Starting audio processing: D:/vid/Extra French episode 1 with french subtitles [EaNqp4FXh-s].mp4
2025-08-03 20:30:49,584 - __main__ - INFO - process_audio_thread:578 - Audio converted successfully: C:\Users\MAX\AppData\Local\Temp\tmpo3x7iw2b.wav
2025-08-03 20:30:49,612 - __main__ - INFO - process_audio_thread:603 - Audio loaded: 24.5 minutes
2025-08-03 20:30:55,036 - __main__ - INFO - process_audio_thread:635 - Transcription completed. Detected language: fr
2025-08-03 20:31:57,840 - __main__ - INFO - perform_smart_segmentation:716 - Processing 1466 words for segmentation
2025-08-03 20:31:57,841 - __main__ - INFO - perform_smart_segmentation:788 - Created 12 segments from smart segmentation
2025-08-03 20:31:57,842 - __main__ - INFO - process_audio_thread:655 - Segmentation completed: 12 segments
2025-08-03 20:31:57,850 - __main__ - INFO - process_audio_thread:684 - Temporary file cleaned up: C:\Users\MAX\AppData\Local\Temp\tmpo3x7iw2b.wav
2025-08-03 20:31:57,874 - __main__ - INFO - check_queue:813 - Processing completed successfully
2025-08-03 20:32:09,855 - __main__ - INFO - save_to_txt:950 - Results saved to: D:/vid/Extra French episode 1 with french subtitles [EaNqp4FXh-s]_transcription.txt
2025-08-03 20:32:10,925 - __main__ - INFO - cleanup_resources:197 - Resources cleaned up successfully
2025-08-03 23:26:56,592 - __main__ - INFO - setup_theme:1057 - ttkthemes not available, using default themes
2025-08-03 23:26:56,714 - __main__ - INFO - init_hardware_options:363 - CUDA available: 1 GPU(s), Primary: NVIDIA GeForce RTX 3060 Laptop GPU
2025-08-03 23:26:56,715 - __main__ - INFO - __init__:163 - Application initialized successfully
2025-08-03 23:26:56,715 - __main__ - INFO - main:1100 - Starting application main loop
2025-08-03 23:27:00,953 - __main__ - INFO - load_model:410 - Loading model: large-v3, device: cuda, compute_type: float16
2025-08-03 23:27:00,954 - __main__ - INFO - load_model_thread:431 - Loading Whisper model: size=large-v3, device=cuda, compute_type=float16
2025-08-03 23:27:12,523 - __main__ - INFO - browse_file:492 - File selected: D:/vid/Extra French episode 1 with french subtitles [EaNqp4FXh-s].mp4
2025-08-03 23:27:29,534 - __main__ - INFO - load_model_thread:442 - Model loaded successfully
2025-08-03 23:27:29,634 - __main__ - INFO - check_queue:805 - Model loaded successfully
2025-08-03 23:27:36,369 - __main__ - INFO - start_processing:537 - Starting processing: D:/vid/Extra French episode 1 with french subtitles [EaNqp4FXh-s].mp4
2025-08-03 23:27:36,371 - __main__ - INFO - process_audio_thread:564 - Starting audio processing: D:/vid/Extra French episode 1 with french subtitles [EaNqp4FXh-s].mp4
2025-08-03 23:27:37,283 - __main__ - INFO - process_audio_thread:578 - Audio converted successfully: C:\Users\MAX\AppData\Local\Temp\tmpylj8vabq.wav
2025-08-03 23:27:37,312 - __main__ - INFO - process_audio_thread:603 - Audio loaded: 24.5 minutes
2025-08-03 23:27:44,000 - __main__ - INFO - process_audio_thread:635 - Transcription completed. Detected language: fr
2025-08-03 23:28:46,455 - __main__ - INFO - perform_smart_segmentation:716 - Processing 1466 words for segmentation
2025-08-03 23:28:46,456 - __main__ - INFO - perform_smart_segmentation:788 - Created 24 segments from smart segmentation
2025-08-03 23:28:46,456 - __main__ - INFO - process_audio_thread:655 - Segmentation completed: 24 segments
2025-08-03 23:28:46,462 - __main__ - INFO - process_audio_thread:684 - Temporary file cleaned up: C:\Users\MAX\AppData\Local\Temp\tmpylj8vabq.wav
2025-08-03 23:28:46,690 - __main__ - INFO - check_queue:813 - Processing completed successfully
2025-08-03 23:30:01,560 - __main__ - INFO - save_to_txt:950 - Results saved to: D:/vid/Extra French episode 1 with french subtitles [EaNqp4FXh-s]_transcription.txt
2025-08-03 23:34:32,410 - __main__ - INFO - cleanup_resources:197 - Resources cleaned up successfully
2025-08-04 08:24:14,528 - __main__ - INFO - setup_theme:1057 - ttkthemes not available, using default themes
2025-08-04 08:24:14,737 - __main__ - INFO - init_hardware_options:363 - CUDA available: 1 GPU(s), Primary: NVIDIA GeForce RTX 3060 Laptop GPU
2025-08-04 08:24:14,737 - __main__ - INFO - __init__:163 - Application initialized successfully
2025-08-04 08:24:14,738 - __main__ - INFO - main:1100 - Starting application main loop
2025-08-04 08:24:19,682 - __main__ - INFO - load_model:410 - Loading model: large-v3, device: cuda, compute_type: float16
2025-08-04 08:24:19,683 - __main__ - INFO - load_model_thread:431 - Loading Whisper model: size=large-v3, device=cuda, compute_type=float16
2025-08-04 08:24:30,514 - __main__ - INFO - load_model_thread:442 - Model loaded successfully
2025-08-04 08:24:30,599 - __main__ - INFO - check_queue:805 - Model loaded successfully
2025-08-04 08:24:32,759 - __main__ - INFO - browse_file:492 - File selected: D:/vid/Test [SxzHjXw_X_M].mp4
2025-08-04 08:24:38,406 - __main__ - INFO - start_processing:537 - Starting processing: D:/vid/Test [SxzHjXw_X_M].mp4
2025-08-04 08:24:38,407 - __main__ - INFO - process_audio_thread:564 - Starting audio processing: D:/vid/Test [SxzHjXw_X_M].mp4
2025-08-04 08:24:39,298 - __main__ - INFO - process_audio_thread:578 - Audio converted successfully: C:\Users\MAX\AppData\Local\Temp\tmp804afcf_.wav
2025-08-04 08:24:39,325 - __main__ - INFO - process_audio_thread:603 - Audio loaded: 22.2 minutes
2025-08-04 08:24:45,207 - __main__ - INFO - process_audio_thread:635 - Transcription completed. Detected language: fr
2025-08-04 08:25:55,258 - __main__ - INFO - perform_smart_segmentation:716 - Processing 1447 words for segmentation
2025-08-04 08:25:55,259 - __main__ - INFO - perform_smart_segmentation:788 - Created 18 segments from smart segmentation
2025-08-04 08:25:55,260 - __main__ - INFO - process_audio_thread:655 - Segmentation completed: 18 segments
2025-08-04 08:25:55,265 - __main__ - INFO - process_audio_thread:684 - Temporary file cleaned up: C:\Users\MAX\AppData\Local\Temp\tmp804afcf_.wav
2025-08-04 08:25:55,554 - __main__ - INFO - check_queue:813 - Processing completed successfully
2025-08-04 08:26:05,657 - __main__ - INFO - start_processing:537 - Starting processing: D:/vid/Test [SxzHjXw_X_M].mp4
2025-08-04 08:26:05,659 - __main__ - INFO - process_audio_thread:564 - Starting audio processing: D:/vid/Test [SxzHjXw_X_M].mp4
2025-08-04 08:26:06,853 - __main__ - INFO - process_audio_thread:578 - Audio converted successfully: C:\Users\MAX\AppData\Local\Temp\tmpfa_6fm2y.wav
2025-08-04 08:26:06,887 - __main__ - INFO - process_audio_thread:603 - Audio loaded: 22.2 minutes
2025-08-04 08:26:12,932 - __main__ - INFO - process_audio_thread:635 - Transcription completed. Detected language: fr
2025-08-04 08:27:26,426 - __main__ - INFO - perform_smart_segmentation:716 - Processing 1447 words for segmentation
2025-08-04 08:27:26,427 - __main__ - INFO - perform_smart_segmentation:788 - Created 11 segments from smart segmentation
2025-08-04 08:27:26,428 - __main__ - INFO - process_audio_thread:655 - Segmentation completed: 11 segments
2025-08-04 08:27:26,429 - __main__ - INFO - process_audio_thread:684 - Temporary file cleaned up: C:\Users\MAX\AppData\Local\Temp\tmpfa_6fm2y.wav
2025-08-04 08:27:26,484 - __main__ - INFO - check_queue:813 - Processing completed successfully
2025-08-04 08:28:39,453 - __main__ - INFO - play_segment:906 - Playing segment: 206.6s - 290.9s
2025-08-04 08:28:41,981 - __main__ - INFO - play_segment:906 - Playing segment: 206.6s - 290.9s
2025-08-04 08:28:46,068 - __main__ - INFO - play_segment:906 - Playing segment: 206.6s - 290.9s
2025-08-04 08:28:59,169 - __main__ - INFO - play_segment:906 - Playing segment: 291.6s - 339.4s
2025-08-04 08:29:11,724 - __main__ - INFO - save_to_txt:950 - Results saved to: D:/vid/Test [SxzHjXw_X_M]_transcription.txt
2025-08-04 08:29:16,094 - __main__ - INFO - cleanup_resources:197 - Resources cleaned up successfully
2025-08-06 11:19:54,174 - __main__ - INFO - setup_theme:1057 - ttkthemes not available, using default themes
2025-08-06 11:19:54,374 - __main__ - INFO - init_hardware_options:363 - CUDA available: 1 GPU(s), Primary: NVIDIA GeForce RTX 3060 Laptop GPU
2025-08-06 11:19:54,374 - __main__ - INFO - __init__:163 - Application initialized successfully
2025-08-06 11:19:54,376 - __main__ - INFO - main:1100 - Starting application main loop
2025-08-06 11:19:58,498 - __main__ - INFO - load_model:410 - Loading model: large-v3, device: cuda, compute_type: float16
2025-08-06 11:19:58,500 - __main__ - INFO - load_model_thread:431 - Loading Whisper model: size=large-v3, device=cuda, compute_type=float16
2025-08-06 11:20:04,536 - __main__ - INFO - browse_file:492 - File selected: D:/vid/How AI uses our drinking water  - BBC World Service [b0C56yqIkbk].mp4
2025-08-06 11:20:09,176 - __main__ - INFO - load_model_thread:442 - Model loaded successfully
2025-08-06 11:20:09,277 - __main__ - INFO - check_queue:805 - Model loaded successfully
2025-08-06 11:20:10,253 - __main__ - INFO - start_processing:537 - Starting processing: D:/vid/How AI uses our drinking water  - BBC World Service [b0C56yqIkbk].mp4
2025-08-06 11:20:10,255 - __main__ - INFO - process_audio_thread:564 - Starting audio processing: D:/vid/How AI uses our drinking water  - BBC World Service [b0C56yqIkbk].mp4
2025-08-06 11:20:10,768 - __main__ - INFO - process_audio_thread:578 - Audio converted successfully: C:\Users\MAX\AppData\Local\Temp\tmpxakywk61.wav
2025-08-06 11:20:10,775 - __main__ - INFO - process_audio_thread:603 - Audio loaded: 6.6 minutes
2025-08-06 11:20:13,741 - __main__ - INFO - process_audio_thread:635 - Transcription completed. Detected language: en
2025-08-06 11:20:58,279 - __main__ - INFO - perform_smart_segmentation:716 - Processing 1001 words for segmentation
2025-08-06 11:20:58,280 - __main__ - INFO - perform_smart_segmentation:788 - Created 4 segments from smart segmentation
2025-08-06 11:20:58,281 - __main__ - INFO - process_audio_thread:655 - Segmentation completed: 4 segments
2025-08-06 11:20:58,283 - __main__ - INFO - process_audio_thread:684 - Temporary file cleaned up: C:\Users\MAX\AppData\Local\Temp\tmpxakywk61.wav
2025-08-06 11:20:58,521 - __main__ - INFO - check_queue:813 - Processing completed successfully
2025-08-06 11:42:09,102 - __main__ - INFO - save_to_txt:950 - Results saved to: D:/vid/How AI uses our drinking water  - BBC World Service [b0C56yqIkbk]_transcription.txt
2025-08-06 11:42:09,481 - __main__ - INFO - cleanup_resources:197 - Resources cleaned up successfully
2025-08-06 22:38:28,850 - __main__ - INFO - setup_theme:1057 - ttkthemes not available, using default themes
2025-08-06 22:38:29,057 - __main__ - INFO - init_hardware_options:363 - CUDA available: 1 GPU(s), Primary: NVIDIA GeForce RTX 3060 Laptop GPU
2025-08-06 22:38:29,058 - __main__ - INFO - __init__:163 - Application initialized successfully
2025-08-06 22:38:29,058 - __main__ - INFO - main:1100 - Starting application main loop
2025-08-06 22:38:32,882 - __main__ - INFO - load_model:410 - Loading model: large-v3, device: cuda, compute_type: float16
2025-08-06 22:38:32,883 - __main__ - INFO - load_model_thread:431 - Loading Whisper model: size=large-v3, device=cuda, compute_type=float16
2025-08-06 22:38:45,032 - __main__ - INFO - load_model_thread:442 - Model loaded successfully
2025-08-06 22:38:45,112 - __main__ - INFO - check_queue:805 - Model loaded successfully
2025-08-06 22:38:50,919 - __main__ - INFO - process_audio_thread:578 - Audio converted successfully: C:\Users\MAX\AppData\Local\Temp\tmpehp2e9s7.wav
2025-08-06 22:38:50,940 - __main__ - INFO - process_audio_thread:603 - Audio loaded: 16.1 minutes
2025-08-06 22:38:56,225 - __main__ - INFO - process_audio_thread:635 - Transcription completed. Detected language: fr
2025-08-06 22:41:22,844 - __main__ - INFO - perform_smart_segmentation:716 - Processing 4296 words for segmentation
2025-08-06 22:41:22,846 - __main__ - INFO - perform_smart_segmentation:788 - Created 9 segments from smart segmentation
2025-08-06 22:41:22,847 - __main__ - INFO - process_audio_thread:655 - Segmentation completed: 9 segments
2025-08-06 22:41:22,851 - __main__ - INFO - process_audio_thread:684 - Temporary file cleaned up: C:\Users\MAX\AppData\Local\Temp\tmpehp2e9s7.wav
2025-08-06 22:41:23,130 - __main__ - INFO - check_queue:813 - Processing completed successfully
2025-08-07 11:35:03,970 - __main__ - INFO - setup_theme:1057 - ttkthemes not available, using default themes
2025-08-07 11:35:04,152 - __main__ - INFO - init_hardware_options:363 - CUDA available: 1 GPU(s), Primary: NVIDIA GeForce RTX 3060 Laptop GPU
2025-08-07 11:35:04,152 - __main__ - INFO - __init__:163 - Application initialized successfully
2025-08-07 11:35:04,152 - __main__ - INFO - main:1100 - Starting application main loop
2025-08-07 11:35:07,357 - __main__ - INFO - load_model:410 - Loading model: large-v3, device: cuda, compute_type: float16
2025-08-07 11:35:07,358 - __main__ - INFO - load_model_thread:431 - Loading Whisper model: size=large-v3, device=cuda, compute_type=float16
2025-08-07 11:35:17,625 - __main__ - INFO - browse_file:492 - File selected: D:/vid/300 French Words for Everyday Life [GhC0gex2yTY].mp4
2025-08-07 11:35:18,376 - __main__ - INFO - load_model_thread:442 - Model loaded successfully
2025-08-07 11:35:18,456 - __main__ - INFO - check_queue:805 - Model loaded successfully
2025-08-07 11:35:25,290 - __main__ - INFO - start_processing:537 - Starting processing: D:/vid/300 French Words for Everyday Life [GhC0gex2yTY].mp4
2025-08-07 11:35:25,291 - __main__ - INFO - process_audio_thread:564 - Starting audio processing: D:/vid/300 French Words for Everyday Life [GhC0gex2yTY].mp4
2025-08-07 11:35:27,897 - __main__ - INFO - process_audio_thread:578 - Audio converted successfully: C:\Users\MAX\AppData\Local\Temp\tmpiettb5ob.wav
2025-08-07 11:35:27,975 - __main__ - INFO - process_audio_thread:603 - Audio loaded: 67.2 minutes
2025-08-07 11:35:40,889 - __main__ - ERROR - process_audio_thread:639 - Transcription failed: Unable to allocate 1.16 GiB for an array with shape (1, 390538, 400) and data type float64
2025-08-07 11:35:40,918 - __main__ - ERROR - process_audio_thread:640 - Traceback (most recent call last):
  File "C:\Users\MAX\Desktop\prompt\autoseg\autoseg.py", line 622, in process_audio_thread
    segments, info = self.model.transcribe(
                     ^^^^^^^^^^^^^^^^^^^^^^
  File "C:\Users\MAX\AppData\Local\Programs\Python\Python312\Lib\site-packages\faster_whisper\transcribe.py", line 874, in transcribe
    features = self.feature_extractor(audio, chunk_length=chunk_length)
               ^^^^^^^^^^^^^^^^^^^^^^^^^^^^^^^^^^^^^^^^^^^^^^^^^^^^^^^^
  File "C:\Users\MAX\AppData\Local\Programs\Python\Python312\Lib\site-packages\faster_whisper\feature_extractor.py", line 215, in __call__
    stft = self.stft(
           ^^^^^^^^^^
  File "C:\Users\MAX\AppData\Local\Programs\Python\Python312\Lib\site-packages\faster_whisper\feature_extractor.py", line 189, in stft
    output = np.fft.rfft(input_array, n=n_fft, axis=-1, norm=norm)
             ^^^^^^^^^^^^^^^^^^^^^^^^^^^^^^^^^^^^^^^^^^^^^^^^^^^^^
  File "C:\Users\MAX\AppData\Local\Programs\Python\Python312\Lib\site-packages\numpy\fft\_pocketfft.py", line 409, in rfft
    output = _raw_fft(a, n, axis, True, True, inv_norm)
             ^^^^^^^^^^^^^^^^^^^^^^^^^^^^^^^^^^^^^^^^^^
  File "C:\Users\MAX\AppData\Local\Programs\Python\Python312\Lib\site-packages\numpy\fft\_pocketfft.py", line 70, in _raw_fft
    r = pfi.execute(a, is_real, is_forward, fct)
        ^^^^^^^^^^^^^^^^^^^^^^^^^^^^^^^^^^^^^^^^
numpy.core._exceptions._ArrayMemoryError: Unable to allocate 1.16 GiB for an array with shape (1, 390538, 400) and data type float64

2025-08-07 11:35:41,046 - __main__ - INFO - process_audio_thread:684 - Temporary file cleaned up: C:\Users\MAX\AppData\Local\Temp\tmpiettb5ob.wav
2025-08-07 11:35:48,936 - __main__ - ERROR - check_queue:830 - Processing error: 语音识别失败: Unable to allocate 1.16 GiB for an array with shape (1, 390538, 400) and data type float64
2025-08-07 11:35:58,593 - __main__ - INFO - start_processing:537 - Starting processing: D:/vid/300 French Words for Everyday Life [GhC0gex2yTY].mp4
2025-08-07 11:35:58,595 - __main__ - INFO - process_audio_thread:564 - Starting audio processing: D:/vid/300 French Words for Everyday Life [GhC0gex2yTY].mp4
2025-08-07 11:36:00,853 - __main__ - INFO - process_audio_thread:578 - Audio converted successfully: C:\Users\MAX\AppData\Local\Temp\tmpv_ykg0ry.wav
2025-08-07 11:36:00,934 - __main__ - INFO - process_audio_thread:603 - Audio loaded: 67.2 minutes
2025-08-07 11:36:13,539 - __main__ - ERROR - process_audio_thread:639 - Transcription failed: Unable to allocate 1.16 GiB for an array with shape (1, 390538, 400) and data type float64
2025-08-07 11:36:13,540 - __main__ - ERROR - process_audio_thread:640 - Traceback (most recent call last):
  File "C:\Users\MAX\Desktop\prompt\autoseg\autoseg.py", line 622, in process_audio_thread
    segments, info = self.model.transcribe(
                     ^^^^^^^^^^^^^^^^^^^^^^
  File "C:\Users\MAX\AppData\Local\Programs\Python\Python312\Lib\site-packages\faster_whisper\transcribe.py", line 874, in transcribe
    features = self.feature_extractor(audio, chunk_length=chunk_length)
               ^^^^^^^^^^^^^^^^^^^^^^^^^^^^^^^^^^^^^^^^^^^^^^^^^^^^^^^^
  File "C:\Users\MAX\AppData\Local\Programs\Python\Python312\Lib\site-packages\faster_whisper\feature_extractor.py", line 215, in __call__
    stft = self.stft(
           ^^^^^^^^^^
  File "C:\Users\MAX\AppData\Local\Programs\Python\Python312\Lib\site-packages\faster_whisper\feature_extractor.py", line 189, in stft
    output = np.fft.rfft(input_array, n=n_fft, axis=-1, norm=norm)
             ^^^^^^^^^^^^^^^^^^^^^^^^^^^^^^^^^^^^^^^^^^^^^^^^^^^^^
  File "C:\Users\MAX\AppData\Local\Programs\Python\Python312\Lib\site-packages\numpy\fft\_pocketfft.py", line 409, in rfft
    output = _raw_fft(a, n, axis, True, True, inv_norm)
             ^^^^^^^^^^^^^^^^^^^^^^^^^^^^^^^^^^^^^^^^^^
  File "C:\Users\MAX\AppData\Local\Programs\Python\Python312\Lib\site-packages\numpy\fft\_pocketfft.py", line 70, in _raw_fft
    r = pfi.execute(a, is_real, is_forward, fct)
        ^^^^^^^^^^^^^^^^^^^^^^^^^^^^^^^^^^^^^^^^
numpy.core._exceptions._ArrayMemoryError: Unable to allocate 1.16 GiB for an array with shape (1, 390538, 400) and data type float64

2025-08-07 11:36:13,658 - __main__ - INFO - process_audio_thread:684 - Temporary file cleaned up: C:\Users\MAX\AppData\Local\Temp\tmpv_ykg0ry.wav
2025-08-07 11:36:24,168 - __main__ - ERROR - check_queue:830 - Processing error: 语音识别失败: Unable to allocate 1.16 GiB for an array with shape (1, 390538, 400) and data type float64
2025-08-07 11:36:32,876 - __main__ - INFO - load_model:410 - Loading model: large-v3, device: cuda, compute_type: int8_float16
2025-08-07 11:36:32,877 - __main__ - INFO - load_model_thread:431 - Loading Whisper model: size=large-v3, device=cuda, compute_type=int8_float16
2025-08-07 11:36:40,871 - __main__ - ERROR - load_model_thread:447 - Model loading failed: mkl_malloc: failed to allocate memory
2025-08-07 11:36:40,872 - __main__ - ERROR - load_model_thread:448 - Traceback (most recent call last):
  File "C:\Users\MAX\Desktop\prompt\autoseg\autoseg.py", line 434, in load_model_thread
    model = WhisperModel(
            ^^^^^^^^^^^^^
  File "C:\Users\MAX\AppData\Local\Programs\Python\Python312\Lib\site-packages\faster_whisper\transcribe.py", line 647, in __init__
    self.model = ctranslate2.models.Whisper(
                 ^^^^^^^^^^^^^^^^^^^^^^^^^^^
RuntimeError: mkl_malloc: failed to allocate memory

2025-08-07 11:36:45,773 - __main__ - ERROR - check_queue:830 - Processing error: 模型加载失败: mkl_malloc: failed to allocate memory
2025-08-07 11:36:50,034 - __main__ - INFO - load_model:410 - Loading model: large-v3, device: cuda, compute_type: int8
2025-08-07 11:36:50,036 - __main__ - INFO - load_model_thread:431 - Loading Whisper model: size=large-v3, device=cuda, compute_type=int8
2025-08-07 11:36:58,035 - __main__ - ERROR - load_model_thread:447 - Model loading failed: mkl_malloc: failed to allocate memory
2025-08-07 11:36:58,036 - __main__ - ERROR - load_model_thread:448 - Traceback (most recent call last):
  File "C:\Users\MAX\Desktop\prompt\autoseg\autoseg.py", line 434, in load_model_thread
    model = WhisperModel(
            ^^^^^^^^^^^^^
  File "C:\Users\MAX\AppData\Local\Programs\Python\Python312\Lib\site-packages\faster_whisper\transcribe.py", line 647, in __init__
    self.model = ctranslate2.models.Whisper(
                 ^^^^^^^^^^^^^^^^^^^^^^^^^^^
RuntimeError: mkl_malloc: failed to allocate memory

2025-08-07 11:37:07,431 - __main__ - ERROR - check_queue:830 - Processing error: 模型加载失败: mkl_malloc: failed to allocate memory
2025-08-07 11:37:11,719 - __main__ - INFO - main:1104 - Application interrupted by user
2025-08-07 11:37:22,986 - __main__ - INFO - setup_theme:1057 - ttkthemes not available, using default themes
2025-08-07 11:37:23,080 - __main__ - INFO - init_hardware_options:363 - CUDA available: 1 GPU(s), Primary: NVIDIA GeForce RTX 3060 Laptop GPU
2025-08-07 11:37:23,081 - __main__ - INFO - __init__:163 - Application initialized successfully
2025-08-07 11:37:23,081 - __main__ - INFO - main:1100 - Starting application main loop
2025-08-07 11:37:29,523 - __main__ - INFO - load_model:410 - Loading model: base, device: cuda, compute_type: float16
2025-08-07 11:37:29,524 - __main__ - INFO - load_model_thread:431 - Loading Whisper model: size=base, device=cuda, compute_type=float16
2025-08-07 11:37:30,973 - __main__ - INFO - load_model_thread:442 - Model loaded successfully
2025-08-07 11:37:30,975 - __main__ - INFO - check_queue:805 - Model loaded successfully
2025-08-07 11:37:38,272 - __main__ - INFO - browse_file:492 - File selected: D:/vid/300 French Words for Everyday Life [GhC0gex2yTY].mp4
2025-08-07 11:37:41,130 - __main__ - INFO - start_processing:537 - Starting processing: D:/vid/300 French Words for Everyday Life [GhC0gex2yTY].mp4
2025-08-07 11:37:41,131 - __main__ - INFO - process_audio_thread:564 - Starting audio processing: D:/vid/300 French Words for Everyday Life [GhC0gex2yTY].mp4
2025-08-07 11:37:43,390 - __main__ - INFO - process_audio_thread:578 - Audio converted successfully: C:\Users\MAX\AppData\Local\Temp\tmpuelh2d1z.wav
2025-08-07 11:37:43,459 - __main__ - INFO - process_audio_thread:603 - Audio loaded: 67.2 minutes
2025-08-07 11:38:00,655 - __main__ - INFO - process_audio_thread:635 - Transcription completed. Detected language: fr
2025-08-07 11:39:54,032 - __main__ - INFO - perform_smart_segmentation:716 - Processing 8626 words for segmentation
2025-08-07 11:39:54,035 - __main__ - INFO - perform_smart_segmentation:788 - Created 34 segments from smart segmentation
2025-08-07 11:39:54,036 - __main__ - INFO - process_audio_thread:655 - Segmentation completed: 34 segments
2025-08-07 11:39:54,039 - __main__ - INFO - process_audio_thread:684 - Temporary file cleaned up: C:\Users\MAX\AppData\Local\Temp\tmpuelh2d1z.wav
2025-08-07 11:39:54,329 - __main__ - INFO - check_queue:813 - Processing completed successfully
2025-08-07 12:01:29,513 - __main__ - INFO - save_to_txt:950 - Results saved to: D:/vid/300 French Words for Everyday Life [GhC0gex2yTY]_transcription.txt
2025-08-07 12:02:24,248 - __main__ - INFO - save_to_txt:950 - Results saved to: D:/vid/300 French Words for Everyday Life [GhC0gex2yTY]_transcription.txt
2025-08-07 12:02:24,654 - __main__ - INFO - cleanup_resources:197 - Resources cleaned up successfully
2025-08-14 18:17:50,616 - __main__ - INFO - setup_theme:1057 - ttkthemes not available, using default themes
2025-08-14 18:17:50,752 - __main__ - INFO - init_hardware_options:363 - CUDA available: 1 GPU(s), Primary: NVIDIA GeForce RTX 3060 Laptop GPU
2025-08-14 18:17:50,752 - __main__ - INFO - __init__:163 - Application initialized successfully
2025-08-14 18:17:50,753 - __main__ - INFO - main:1100 - Starting application main loop
2025-08-14 18:17:54,458 - __main__ - INFO - load_model:410 - Loading model: large-v3, device: cuda, compute_type: float16
2025-08-14 18:17:54,460 - __main__ - INFO - load_model_thread:431 - Loading Whisper model: size=large-v3, device=cuda, compute_type=float16
2025-08-14 18:17:57,458 - __main__ - INFO - browse_file:492 - File selected: D:/循序渐进法语听说初级/循序渐进法语听说-初级2（Chapitre5-Chapitre10)/c5_1-6/c5.mp4
2025-08-14 18:18:05,597 - __main__ - INFO - load_model_thread:442 - Model loaded successfully
2025-08-14 18:18:05,682 - __main__ - INFO - check_queue:805 - Model loaded successfully
2025-08-14 18:18:54,804 - __main__ - INFO - start_processing:537 - Starting processing: D:/循序渐进法语听说初级/循序渐进法语听说-初级2（Chapitre5-Chapitre10)/c5_1-6/c5.mp4
2025-08-14 18:18:54,805 - __main__ - INFO - process_audio_thread:564 - Starting audio processing: D:/循序渐进法语听说初级/循序渐进法语听说-初级2（Chapitre5-Chapitre10)/c5_1-6/c5.mp4
2025-08-14 18:18:55,148 - __main__ - INFO - process_audio_thread:578 - Audio converted successfully: C:\Users\MAX\AppData\Local\Temp\tmpg25t4aob.wav
2025-08-14 18:18:55,158 - __main__ - INFO - process_audio_thread:603 - Audio loaded: 4.4 minutes
2025-08-14 18:18:57,606 - __main__ - INFO - process_audio_thread:635 - Transcription completed. Detected language: fr
2025-08-14 18:19:16,241 - __main__ - INFO - perform_smart_segmentation:716 - Processing 490 words for segmentation
2025-08-14 18:19:16,242 - __main__ - INFO - perform_smart_segmentation:788 - Created 3 segments from smart segmentation
2025-08-14 18:19:16,242 - __main__ - INFO - process_audio_thread:655 - Segmentation completed: 3 segments
2025-08-14 18:19:16,243 - __main__ - INFO - process_audio_thread:684 - Temporary file cleaned up: C:\Users\MAX\AppData\Local\Temp\tmpg25t4aob.wav
2025-08-14 18:19:16,473 - __main__ - INFO - check_queue:813 - Processing completed successfully
2025-08-14 18:20:48,223 - __main__ - INFO - save_to_txt:950 - Results saved to: D:/vid/c5_transcription.txt
2025-08-14 18:20:49,479 - __main__ - INFO - cleanup_resources:197 - Resources cleaned up successfully
2025-08-17 11:10:28,799 - __main__ - INFO - setup_theme:1057 - ttkthemes not available, using default themes
2025-08-17 11:10:29,022 - __main__ - INFO - init_hardware_options:363 - CUDA available: 1 GPU(s), Primary: NVIDIA GeForce RTX 3060 Laptop GPU
2025-08-17 11:10:29,022 - __main__ - INFO - __init__:163 - Application initialized successfully
2025-08-17 11:10:29,023 - __main__ - INFO - main:1100 - Starting application main loop
2025-08-17 11:10:33,267 - __main__ - INFO - load_model:410 - Loading model: large-v3, device: cuda, compute_type: float16
2025-08-17 11:10:33,268 - __main__ - INFO - load_model_thread:431 - Loading Whisper model: size=large-v3, device=cuda, compute_type=float16
2025-08-17 11:10:45,314 - __main__ - INFO - load_model_thread:442 - Model loaded successfully
2025-08-17 11:10:45,665 - __main__ - INFO - browse_file:492 - File selected: D:/vid/Why the Left think they are better ｜ Peter Hitchens [8qCHRYMe66g].mp4
2025-08-17 11:10:45,667 - __main__ - INFO - check_queue:805 - Model loaded successfully
2025-08-17 11:10:56,399 - __main__ - INFO - start_processing:537 - Starting processing: D:/vid/Why the Left think they are better ｜ Peter Hitchens [8qCHRYMe66g].mp4
2025-08-17 11:10:56,400 - __main__ - INFO - process_audio_thread:564 - Starting audio processing: D:/vid/Why the Left think they are better ｜ Peter Hitchens [8qCHRYMe66g].mp4
2025-08-17 11:10:56,760 - __main__ - INFO - process_audio_thread:578 - Audio converted successfully: C:\Users\MAX\AppData\Local\Temp\tmp5gji3yum.wav
2025-08-17 11:10:56,765 - __main__ - INFO - process_audio_thread:603 - Audio loaded: 3.4 minutes
2025-08-17 11:10:58,944 - __main__ - INFO - process_audio_thread:635 - Transcription completed. Detected language: cy
2025-08-17 11:11:16,818 - __main__ - INFO - perform_smart_segmentation:716 - Processing 608 words for segmentation
2025-08-17 11:11:16,819 - __main__ - INFO - perform_smart_segmentation:788 - Created 4 segments from smart segmentation
2025-08-17 11:11:16,820 - __main__ - INFO - process_audio_thread:655 - Segmentation completed: 4 segments
2025-08-17 11:11:16,821 - __main__ - INFO - process_audio_thread:684 - Temporary file cleaned up: C:\Users\MAX\AppData\Local\Temp\tmp5gji3yum.wav
2025-08-17 11:11:17,092 - __main__ - INFO - check_queue:813 - Processing completed successfully
2025-08-17 11:11:46,973 - __main__ - INFO - start_processing:537 - Starting processing: D:/vid/Why the Left think they are better ｜ Peter Hitchens [8qCHRYMe66g].mp4
2025-08-17 11:11:46,974 - __main__ - INFO - process_audio_thread:564 - Starting audio processing: D:/vid/Why the Left think they are better ｜ Peter Hitchens [8qCHRYMe66g].mp4
2025-08-17 11:11:47,126 - __main__ - INFO - process_audio_thread:578 - Audio converted successfully: C:\Users\MAX\AppData\Local\Temp\tmpdzomm_fz.wav
2025-08-17 11:11:47,133 - __main__ - INFO - process_audio_thread:603 - Audio loaded: 3.4 minutes
2025-08-17 11:11:47,916 - __main__ - INFO - process_audio_thread:635 - Transcription completed. Detected language: en
2025-08-17 11:12:06,412 - __main__ - INFO - perform_smart_segmentation:716 - Processing 625 words for segmentation
2025-08-17 11:12:06,413 - __main__ - INFO - perform_smart_segmentation:788 - Created 2 segments from smart segmentation
2025-08-17 11:12:06,413 - __main__ - INFO - process_audio_thread:655 - Segmentation completed: 2 segments
2025-08-17 11:12:06,415 - __main__ - INFO - process_audio_thread:684 - Temporary file cleaned up: C:\Users\MAX\AppData\Local\Temp\tmpdzomm_fz.wav
2025-08-17 11:12:06,442 - __main__ - INFO - check_queue:813 - Processing completed successfully
2025-08-17 11:12:51,269 - __main__ - INFO - save_to_txt:950 - Results saved to: D:/vid/Why the Left think they are better ｜ Peter Hitchens [8qCHRYMe66g]_transcription.txt
2025-08-17 11:12:52,404 - __main__ - INFO - cleanup_resources:197 - Resources cleaned up successfully
2025-08-17 23:28:07,142 - __main__ - INFO - setup_theme:1057 - ttkthemes not available, using default themes
2025-08-17 23:28:07,330 - __main__ - INFO - init_hardware_options:363 - CUDA available: 1 GPU(s), Primary: NVIDIA GeForce RTX 3060 Laptop GPU
2025-08-17 23:28:07,330 - __main__ - INFO - __init__:163 - Application initialized successfully
2025-08-17 23:28:07,330 - __main__ - INFO - main:1100 - Starting application main loop
2025-08-17 23:28:12,634 - __main__ - INFO - load_model:410 - Loading model: base, device: cuda, compute_type: float16
2025-08-17 23:28:12,634 - __main__ - INFO - load_model_thread:431 - Loading Whisper model: size=base, device=cuda, compute_type=float16
2025-08-17 23:28:14,427 - __main__ - INFO - load_model_thread:442 - Model loaded successfully
2025-08-17 23:28:14,524 - __main__ - INFO - check_queue:805 - Model loaded successfully
2025-08-17 23:28:20,059 - __main__ - INFO - browse_file:492 - File selected: D:/vid/I Think Therefore I Am - John Cottingham,  Stephen Mulhall, Susan James [fClsv9dx8Yw].mp4
2025-08-17 23:28:34,160 - __main__ - INFO - start_processing:537 - Starting processing: D:/vid/I Think Therefore I Am - John Cottingham,  Stephen Mulhall, Susan James [fClsv9dx8Yw].mp4
2025-08-17 23:28:34,160 - __main__ - INFO - process_audio_thread:564 - Starting audio processing: D:/vid/I Think Therefore I Am - John Cottingham,  Stephen Mulhall, Susan James [fClsv9dx8Yw].mp4
2025-08-17 23:28:35,812 - __main__ - INFO - process_audio_thread:578 - Audio converted successfully: C:\Users\MAX\AppData\Local\Temp\tmpkgkowfyo.wav
2025-08-17 23:28:35,859 - __main__ - INFO - process_audio_thread:603 - Audio loaded: 42.6 minutes
2025-08-17 23:28:45,926 - __main__ - INFO - process_audio_thread:635 - Transcription completed. Detected language: en
2025-08-17 23:29:32,641 - __main__ - INFO - perform_smart_segmentation:716 - Processing 6591 words for segmentation
2025-08-17 23:29:32,644 - __main__ - INFO - perform_smart_segmentation:788 - Created 22 segments from smart segmentation
2025-08-17 23:29:32,644 - __main__ - INFO - process_audio_thread:655 - Segmentation completed: 22 segments
2025-08-17 23:29:32,652 - __main__ - INFO - process_audio_thread:684 - Temporary file cleaned up: C:\Users\MAX\AppData\Local\Temp\tmpkgkowfyo.wav
2025-08-17 23:29:32,885 - __main__ - INFO - check_queue:813 - Processing completed successfully
2025-08-17 23:30:09,972 - __main__ - INFO - save_to_txt:950 - Results saved to: D:/vid/I Think Therefore I Am - John Cottingham,  Stephen Mulhall, Susan James [fClsv9dx8Yw]_transcription.txt
2025-08-17 23:30:10,795 - __main__ - INFO - cleanup_resources:197 - Resources cleaned up successfully
2025-08-18 09:33:41,735 - __main__ - INFO - setup_theme:1057 - ttkthemes not available, using default themes
2025-08-18 09:33:41,936 - __main__ - INFO - init_hardware_options:363 - CUDA available: 1 GPU(s), Primary: NVIDIA GeForce RTX 3060 Laptop GPU
2025-08-18 09:33:41,936 - __main__ - INFO - __init__:163 - Application initialized successfully
2025-08-18 09:33:41,936 - __main__ - INFO - main:1100 - Starting application main loop
2025-08-18 09:33:49,273 - __main__ - INFO - load_model:410 - Loading model: large-v3, device: cuda, compute_type: float16
2025-08-18 09:33:49,273 - __main__ - INFO - load_model_thread:431 - Loading Whisper model: size=large-v3, device=cuda, compute_type=float16
2025-08-18 09:34:03,760 - __main__ - INFO - load_model_thread:442 - Model loaded successfully
2025-08-18 09:34:03,807 - __main__ - INFO - check_queue:805 - Model loaded successfully
2025-08-18 09:34:25,657 - __main__ - INFO - process_audio_thread:578 - Audio converted successfully: C:\Users\MAX\AppData\Local\Temp\tmpqa4h2itg.wav
2025-08-18 09:34:25,672 - __main__ - INFO - process_audio_thread:603 - Audio loaded: 8.7 minutes
2025-08-18 09:34:29,323 - __main__ - INFO - process_audio_thread:635 - Transcription completed. Detected language: fr
2025-08-18 09:35:06,444 - __main__ - INFO - perform_smart_segmentation:716 - Processing 1024 words for segmentation
2025-08-18 09:35:06,444 - __main__ - INFO - perform_smart_segmentation:788 - Created 9 segments from smart segmentation
2025-08-18 09:35:06,444 - __main__ - INFO - process_audio_thread:655 - Segmentation completed: 9 segments
2025-08-18 09:35:06,444 - __main__ - INFO - process_audio_thread:684 - Temporary file cleaned up: C:\Users\MAX\AppData\Local\Temp\tmpqa4h2itg.wav
2025-08-18 09:35:06,544 - __main__ - INFO - check_queue:813 - Processing completed successfully
2025-08-18 09:37:19,216 - __main__ - INFO - cleanup_resources:197 - Resources cleaned up successfully
2025-08-19 10:09:12,257 - __main__ - INFO - setup_theme:1057 - ttkthemes not available, using default themes
2025-08-19 10:09:12,386 - __main__ - INFO - init_hardware_options:363 - CUDA available: 1 GPU(s), Primary: NVIDIA GeForce RTX 3060 Laptop GPU
2025-08-19 10:09:12,387 - __main__ - INFO - __init__:163 - Application initialized successfully
2025-08-19 10:09:12,389 - __main__ - INFO - main:1100 - Starting application main loop
2025-08-19 10:09:16,987 - __main__ - INFO - load_model:410 - Loading model: base, device: cuda, compute_type: float16
2025-08-19 10:09:16,989 - __main__ - INFO - load_model_thread:431 - Loading Whisper model: size=base, device=cuda, compute_type=float16
2025-08-19 10:09:18,783 - __main__ - INFO - load_model_thread:442 - Model loaded successfully
2025-08-19 10:09:18,887 - __main__ - INFO - check_queue:805 - Model loaded successfully
2025-08-19 10:09:28,165 - __main__ - INFO - load_model:410 - Loading model: medium, device: cuda, compute_type: float16
2025-08-19 10:09:28,168 - __main__ - INFO - load_model_thread:431 - Loading Whisper model: size=medium, device=cuda, compute_type=float16
2025-08-19 10:09:33,611 - __main__ - INFO - load_model_thread:442 - Model loaded successfully
2025-08-19 10:09:33,710 - __main__ - INFO - check_queue:805 - Model loaded successfully
2025-08-19 10:09:48,204 - __main__ - INFO - browse_file:492 - File selected: C:/Users/MAX/Desktop/grdyacd1.mp4
2025-08-19 10:09:53,960 - __main__ - INFO - start_processing:537 - Starting processing: C:/Users/MAX/Desktop/grdyacd1.mp4
2025-08-19 10:09:53,962 - __main__ - INFO - process_audio_thread:564 - Starting audio processing: C:/Users/MAX/Desktop/grdyacd1.mp4
2025-08-19 10:09:55,215 - __main__ - INFO - process_audio_thread:578 - Audio converted successfully: C:\Users\MAX\AppData\Local\Temp\tmpfouqsuje.wav
2025-08-19 10:09:55,247 - __main__ - INFO - process_audio_thread:603 - Audio loaded: 29.2 minutes
2025-08-19 10:10:03,017 - __main__ - INFO - process_audio_thread:635 - Transcription completed. Detected language: en
2025-08-19 10:11:23,520 - __main__ - INFO - perform_smart_segmentation:716 - Processing 3119 words for segmentation
2025-08-19 10:11:23,521 - __main__ - INFO - perform_smart_segmentation:788 - Created 15 segments from smart segmentation
2025-08-19 10:11:23,521 - __main__ - INFO - process_audio_thread:655 - Segmentation completed: 15 segments
2025-08-19 10:11:23,527 - __main__ - INFO - process_audio_thread:684 - Temporary file cleaned up: C:\Users\MAX\AppData\Local\Temp\tmpfouqsuje.wav
2025-08-19 10:11:23,804 - __main__ - INFO - check_queue:813 - Processing completed successfully
2025-08-19 10:15:08,268 - __main__ - INFO - save_to_txt:950 - Results saved to: C:/Users/MAX/Desktop/grdyacd1_transcription.txt
2025-08-19 10:15:13,835 - __main__ - INFO - save_to_txt:950 - Results saved to: D:/vid/grdyacd1_transcription.txt
2025-08-19 10:15:15,239 - __main__ - INFO - cleanup_resources:197 - Resources cleaned up successfully
2025-08-19 10:59:35,765 - __main__ - INFO - setup_theme:1057 - ttkthemes not available, using default themes
2025-08-19 10:59:35,995 - __main__ - INFO - init_hardware_options:363 - CUDA available: 1 GPU(s), Primary: NVIDIA GeForce RTX 3060 Laptop GPU
2025-08-19 10:59:35,996 - __main__ - INFO - __init__:163 - Application initialized successfully
2025-08-19 10:59:35,996 - __main__ - INFO - main:1100 - Starting application main loop
2025-08-19 10:59:40,572 - __main__ - INFO - load_model:410 - Loading model: large-v3, device: cuda, compute_type: float16
2025-08-19 10:59:40,573 - __main__ - INFO - load_model_thread:431 - Loading Whisper model: size=large-v3, device=cuda, compute_type=float16
2025-08-19 10:59:51,277 - __main__ - INFO - load_model_thread:442 - Model loaded successfully
2025-08-19 10:59:51,363 - __main__ - INFO - check_queue:805 - Model loaded successfully
2025-08-19 10:59:57,086 - __main__ - INFO - process_audio_thread:578 - Audio converted successfully: C:\Users\MAX\AppData\Local\Temp\tmp_ynkblgy.wav
2025-08-19 10:59:57,099 - __main__ - INFO - process_audio_thread:603 - Audio loaded: 9.4 minutes
2025-08-19 11:00:00,568 - __main__ - INFO - process_audio_thread:635 - Transcription completed. Detected language: en
2025-08-19 11:01:00,667 - __main__ - INFO - perform_smart_segmentation:716 - Processing 1694 words for segmentation
2025-08-19 11:01:00,668 - __main__ - INFO - perform_smart_segmentation:788 - Created 5 segments from smart segmentation
2025-08-19 11:01:00,669 - __main__ - INFO - process_audio_thread:655 - Segmentation completed: 5 segments
2025-08-19 11:01:00,675 - __main__ - INFO - process_audio_thread:684 - Temporary file cleaned up: C:\Users\MAX\AppData\Local\Temp\tmp_ynkblgy.wav
2025-08-19 11:01:00,840 - __main__ - INFO - check_queue:813 - Processing completed successfully
2025-08-19 11:03:07,599 - __main__ - INFO - cleanup_resources:197 - Resources cleaned up successfully
2025-08-20 13:45:14,350 - __main__ - INFO - setup_theme:1057 - ttkthemes not available, using default themes
2025-08-20 13:45:14,542 - __main__ - INFO - init_hardware_options:363 - CUDA available: 1 GPU(s), Primary: NVIDIA GeForce RTX 3060 Laptop GPU
2025-08-20 13:45:14,542 - __main__ - INFO - __init__:163 - Application initialized successfully
2025-08-20 13:45:14,543 - __main__ - INFO - main:1100 - Starting application main loop
2025-08-20 13:45:21,214 - __main__ - INFO - load_model:410 - Loading model: medium, device: cuda, compute_type: float16
2025-08-20 13:45:21,215 - __main__ - INFO - load_model_thread:431 - Loading Whisper model: size=medium, device=cuda, compute_type=float16
2025-08-20 13:45:27,029 - __main__ - INFO - load_model_thread:442 - Model loaded successfully
2025-08-20 13:45:27,124 - __main__ - INFO - check_queue:805 - Model loaded successfully
2025-08-20 13:45:32,831 - __main__ - INFO - browse_file:492 - File selected: D:/vid/Dante's Inferno： A Visitor’s Guide to Hell [h_N04XVwlqg].mp4
2025-08-20 13:45:36,591 - __main__ - INFO - start_processing:537 - Starting processing: D:/vid/Dante's Inferno： A Visitor’s Guide to Hell [h_N04XVwlqg].mp4
2025-08-20 13:45:36,593 - __main__ - INFO - process_audio_thread:564 - Starting audio processing: D:/vid/Dante's Inferno： A Visitor’s Guide to Hell [h_N04XVwlqg].mp4
2025-08-20 13:45:37,439 - __main__ - INFO - process_audio_thread:578 - Audio converted successfully: C:\Users\MAX\AppData\Local\Temp\tmp9gy285nc.wav
2025-08-20 13:45:37,466 - __main__ - INFO - process_audio_thread:603 - Audio loaded: 20.1 minutes
2025-08-20 13:45:43,180 - __main__ - INFO - process_audio_thread:635 - Transcription completed. Detected language: en
2025-08-20 13:46:41,200 - __main__ - INFO - perform_smart_segmentation:716 - Processing 2460 words for segmentation
2025-08-20 13:46:41,201 - __main__ - INFO - perform_smart_segmentation:788 - Created 11 segments from smart segmentation
2025-08-20 13:46:41,202 - __main__ - INFO - process_audio_thread:655 - Segmentation completed: 11 segments
2025-08-20 13:46:41,206 - __main__ - INFO - process_audio_thread:684 - Temporary file cleaned up: C:\Users\MAX\AppData\Local\Temp\tmp9gy285nc.wav
2025-08-20 13:46:41,457 - __main__ - INFO - check_queue:813 - Processing completed successfully
2025-08-20 13:47:04,254 - __main__ - INFO - save_to_txt:950 - Results saved to: D:/vid/Dante's Inferno： A Visitor’s Guide to Hell [h_N04XVwlqg]_transcription.txt
2025-08-20 13:47:12,018 - __main__ - INFO - cleanup_resources:197 - Resources cleaned up successfully
2025-08-23 11:00:16,503 - __main__ - INFO - setup_theme:1057 - ttkthemes not available, using default themes
2025-08-23 11:00:16,715 - __main__ - INFO - init_hardware_options:363 - CUDA available: 1 GPU(s), Primary: NVIDIA GeForce RTX 3060 Laptop GPU
2025-08-23 11:00:16,716 - __main__ - INFO - __init__:163 - Application initialized successfully
2025-08-23 11:00:16,717 - __main__ - INFO - main:1100 - Starting application main loop
2025-08-23 11:00:22,354 - __main__ - INFO - load_model:410 - Loading model: medium, device: cuda, compute_type: float16
2025-08-23 11:00:22,356 - __main__ - INFO - load_model_thread:431 - Loading Whisper model: size=medium, device=cuda, compute_type=float16
2025-08-23 11:00:28,209 - __main__ - INFO - load_model_thread:442 - Model loaded successfully
2025-08-23 11:00:28,303 - __main__ - INFO - check_queue:805 - Model loaded successfully
2025-08-23 11:00:40,456 - __main__ - INFO - browse_file:492 - File selected: D:/vid/I Think Therefore I Am - John Cottingham,  Stephen Mulhall, Susan James [fClsv9dx8Yw].mp4
2025-08-23 11:00:45,232 - __main__ - INFO - start_processing:537 - Starting processing: D:/vid/I Think Therefore I Am - John Cottingham,  Stephen Mulhall, Susan James [fClsv9dx8Yw].mp4
2025-08-23 11:00:45,233 - __main__ - INFO - process_audio_thread:564 - Starting audio processing: D:/vid/I Think Therefore I Am - John Cottingham,  Stephen Mulhall, Susan James [fClsv9dx8Yw].mp4
2025-08-23 11:00:46,903 - __main__ - INFO - process_audio_thread:578 - Audio converted successfully: C:\Users\MAX\AppData\Local\Temp\tmpidlmcyir.wav
2025-08-23 11:00:46,947 - __main__ - INFO - process_audio_thread:603 - Audio loaded: 42.6 minutes
2025-08-23 11:00:57,502 - __main__ - INFO - process_audio_thread:635 - Transcription completed. Detected language: en
2025-08-23 11:03:31,504 - __main__ - INFO - perform_smart_segmentation:716 - Processing 6597 words for segmentation
2025-08-23 11:03:31,507 - __main__ - INFO - perform_smart_segmentation:788 - Created 43 segments from smart segmentation
2025-08-23 11:03:31,508 - __main__ - INFO - process_audio_thread:655 - Segmentation completed: 43 segments
2025-08-23 11:03:31,517 - __main__ - INFO - process_audio_thread:684 - Temporary file cleaned up: C:\Users\MAX\AppData\Local\Temp\tmpidlmcyir.wav
2025-08-23 11:03:31,764 - __main__ - INFO - check_queue:813 - Processing completed successfully
2025-08-23 11:05:38,247 - __main__ - INFO - start_processing:537 - Starting processing: D:/vid/I Think Therefore I Am - John Cottingham,  Stephen Mulhall, Susan James [fClsv9dx8Yw].mp4
2025-08-23 11:05:38,248 - __main__ - INFO - process_audio_thread:564 - Starting audio processing: D:/vid/I Think Therefore I Am - John Cottingham,  Stephen Mulhall, Susan James [fClsv9dx8Yw].mp4
2025-08-23 11:05:39,712 - __main__ - INFO - process_audio_thread:578 - Audio converted successfully: C:\Users\MAX\AppData\Local\Temp\tmp15ey95bu.wav
2025-08-23 11:05:39,759 - __main__ - INFO - process_audio_thread:603 - Audio loaded: 42.6 minutes
2025-08-23 11:05:49,729 - __main__ - INFO - process_audio_thread:635 - Transcription completed. Detected language: en
2025-08-23 11:08:23,842 - __main__ - INFO - perform_smart_segmentation:716 - Processing 6597 words for segmentation
2025-08-23 11:08:23,844 - __main__ - INFO - perform_smart_segmentation:788 - Created 22 segments from smart segmentation
2025-08-23 11:08:23,845 - __main__ - INFO - process_audio_thread:655 - Segmentation completed: 22 segments
2025-08-23 11:08:23,851 - __main__ - INFO - process_audio_thread:684 - Temporary file cleaned up: C:\Users\MAX\AppData\Local\Temp\tmp15ey95bu.wav
2025-08-23 11:08:23,956 - __main__ - INFO - check_queue:813 - Processing completed successfully
2025-08-23 11:10:21,102 - __main__ - INFO - save_to_txt:950 - Results saved to: D:/vid/I Think Therefore I Am - John Cottingham,  Stephen Mulhall, Susan James [fClsv9dx8Yw]_transcription.txt
2025-08-23 11:10:22,904 - __main__ - INFO - cleanup_resources:197 - Resources cleaned up successfully
2025-08-23 17:55:00,002 - __main__ - INFO - setup_theme:1057 - ttkthemes not available, using default themes
2025-08-23 17:55:00,082 - __main__ - INFO - init_hardware_options:363 - CUDA available: 1 GPU(s), Primary: NVIDIA GeForce RTX 3060 Laptop GPU
2025-08-23 17:55:00,083 - __main__ - INFO - __init__:163 - Application initialized successfully
2025-08-23 17:55:00,083 - __main__ - INFO - main:1100 - Starting application main loop
2025-08-23 17:55:07,230 - __main__ - INFO - main:1104 - Application interrupted by user
2025-08-23 17:56:02,654 - __main__ - INFO - setup_theme:1057 - ttkthemes not available, using default themes
2025-08-23 17:56:02,691 - __main__ - INFO - init_hardware_options:363 - CUDA available: 1 GPU(s), Primary: NVIDIA GeForce RTX 3060 Laptop GPU
2025-08-23 17:56:02,692 - __main__ - INFO - __init__:163 - Application initialized successfully
2025-08-23 17:56:02,692 - __main__ - INFO - main:1100 - Starting application main loop
2025-08-23 17:56:17,239 - __main__ - INFO - cleanup_resources:197 - Resources cleaned up successfully
2025-08-23 17:57:13,475 - __main__ - INFO - setup_theme:1057 - ttkthemes not available, using default themes
2025-08-23 17:57:13,512 - __main__ - INFO - init_hardware_options:363 - CUDA available: 1 GPU(s), Primary: NVIDIA GeForce RTX 3060 Laptop GPU
2025-08-23 17:57:13,513 - __main__ - INFO - __init__:163 - Application initialized successfully
2025-08-23 17:57:13,513 - __main__ - INFO - main:1100 - Starting application main loop
2025-08-23 17:57:15,017 - __main__ - INFO - cleanup_resources:197 - Resources cleaned up successfully
2025-08-24 23:35:14,720 - __main__ - INFO - setup_theme:1057 - ttkthemes not available, using default themes
2025-08-24 23:35:14,950 - __main__ - INFO - init_hardware_options:363 - CUDA available: 1 GPU(s), Primary: NVIDIA GeForce RTX 3060 Laptop GPU
2025-08-24 23:35:14,952 - __main__ - INFO - __init__:163 - Application initialized successfully
2025-08-24 23:35:14,952 - __main__ - INFO - main:1100 - Starting application main loop
2025-08-24 23:35:19,243 - __main__ - INFO - load_model:410 - Loading model: large-v3, device: cuda, compute_type: float16
2025-08-24 23:35:19,244 - __main__ - INFO - load_model_thread:431 - Loading Whisper model: size=large-v3, device=cuda, compute_type=float16
2025-08-24 23:35:25,574 - __main__ - INFO - browse_file:492 - File selected: D:/vid/10 French LOVE Expressions You Must Know   ｜ ADVANCED Phrases [KRMKsdLv5Wo].mp4
2025-08-24 23:35:31,890 - __main__ - INFO - load_model_thread:442 - Model loaded successfully
2025-08-24 23:35:31,963 - __main__ - INFO - check_queue:805 - Model loaded successfully
2025-08-24 23:35:33,916 - __main__ - INFO - start_processing:537 - Starting processing: D:/vid/10 French LOVE Expressions You Must Know   ｜ ADVANCED Phrases [KRMKsdLv5Wo].mp4
2025-08-24 23:35:33,917 - __main__ - INFO - process_audio_thread:564 - Starting audio processing: D:/vid/10 French LOVE Expressions You Must Know   ｜ ADVANCED Phrases [KRMKsdLv5Wo].mp4
2025-08-24 23:35:34,559 - __main__ - INFO - process_audio_thread:578 - Audio converted successfully: C:\Users\MAX\AppData\Local\Temp\tmpiiwjqklb.wav
2025-08-24 23:35:34,579 - __main__ - INFO - process_audio_thread:603 - Audio loaded: 10.7 minutes
2025-08-24 23:35:39,101 - __main__ - INFO - process_audio_thread:635 - Transcription completed. Detected language: fr
2025-08-24 23:36:47,325 - __main__ - INFO - perform_smart_segmentation:716 - Processing 2053 words for segmentation
2025-08-24 23:36:47,326 - __main__ - INFO - perform_smart_segmentation:788 - Created 6 segments from smart segmentation
2025-08-24 23:36:47,327 - __main__ - INFO - process_audio_thread:655 - Segmentation completed: 6 segments
2025-08-24 23:36:47,330 - __main__ - INFO - process_audio_thread:684 - Temporary file cleaned up: C:\Users\MAX\AppData\Local\Temp\tmpiiwjqklb.wav
2025-08-24 23:36:47,574 - __main__ - INFO - check_queue:813 - Processing completed successfully
2025-08-24 23:37:58,276 - __main__ - INFO - save_to_txt:950 - Results saved to: D:/vid/10 French LOVE Expressions You Must Know   ｜ ADVANCED Phrases [KRMKsdLv5Wo]_transcription.txt
2025-08-24 23:37:59,183 - __main__ - INFO - cleanup_resources:197 - Resources cleaned up successfully
2025-09-07 13:03:44,485 - __main__ - INFO - setup_theme:1057 - ttkthemes not available, using default themes
2025-09-07 13:03:44,721 - __main__ - INFO - init_hardware_options:363 - CUDA available: 1 GPU(s), Primary: NVIDIA GeForce RTX 3060 Laptop GPU
2025-09-07 13:03:44,721 - __main__ - INFO - __init__:163 - Application initialized successfully
2025-09-07 13:03:44,721 - __main__ - INFO - main:1100 - Starting application main loop
2025-09-07 13:03:51,732 - __main__ - INFO - load_model:410 - Loading model: medium, device: cuda, compute_type: float16
2025-09-07 13:03:51,734 - __main__ - INFO - load_model_thread:431 - Loading Whisper model: size=medium, device=cuda, compute_type=float16
2025-09-07 13:03:57,528 - __main__ - INFO - load_model_thread:442 - Model loaded successfully
2025-09-07 13:03:57,634 - __main__ - INFO - check_queue:805 - Model loaded successfully
2025-09-07 13:04:12,588 - __main__ - INFO - browse_file:492 - File selected: D:/vid/Why Marie Antoinette Became the Most Hated Woman in France ｜ The French Revolution ｜ Part 1 [sm5yrVIGJfg].mp4
2025-09-07 13:04:19,389 - __main__ - INFO - start_processing:537 - Starting processing: D:/vid/Why Marie Antoinette Became the Most Hated Woman in France ｜ The French Revolution ｜ Part 1 [sm5yrVIGJfg].mp4
2025-09-07 13:04:19,390 - __main__ - INFO - process_audio_thread:564 - Starting audio processing: D:/vid/Why Marie Antoinette Became the Most Hated Woman in France ｜ The French Revolution ｜ Part 1 [sm5yrVIGJfg].mp4
2025-09-07 13:04:22,213 - __main__ - INFO - process_audio_thread:578 - Audio converted successfully: C:\Users\MAX\AppData\Local\Temp\tmph3j4kax1.wav
2025-09-07 13:04:22,275 - __main__ - INFO - process_audio_thread:603 - Audio loaded: 60.2 minutes
2025-09-07 13:04:38,396 - __main__ - INFO - process_audio_thread:635 - Transcription completed. Detected language: en
2025-09-07 13:08:44,523 - __main__ - INFO - perform_smart_segmentation:716 - Processing 10651 words for segmentation
2025-09-07 13:08:44,527 - __main__ - INFO - perform_smart_segmentation:788 - Created 31 segments from smart segmentation
2025-09-07 13:08:44,528 - __main__ - INFO - process_audio_thread:655 - Segmentation completed: 31 segments
2025-09-07 13:08:44,538 - __main__ - INFO - process_audio_thread:684 - Temporary file cleaned up: C:\Users\MAX\AppData\Local\Temp\tmph3j4kax1.wav
2025-09-07 13:08:44,807 - __main__ - INFO - check_queue:813 - Processing completed successfully
2025-09-07 13:08:54,478 - __main__ - INFO - save_to_txt:950 - Results saved to: D:/vid/Why Marie Antoinette Became the Most Hated Woman in France ｜ The French Revolution ｜ Part 1 [sm5yrVIGJfg]_transcription.txt
2025-09-07 13:08:56,084 - __main__ - INFO - cleanup_resources:197 - Resources cleaned up successfully
2025-09-12 11:30:29,257 - __main__ - INFO - setup_theme:1057 - ttkthemes not available, using default themes
2025-09-12 11:30:29,419 - __main__ - INFO - init_hardware_options:363 - CUDA available: 1 GPU(s), Primary: NVIDIA GeForce RTX 3060 Laptop GPU
2025-09-12 11:30:29,419 - __main__ - INFO - __init__:163 - Application initialized successfully
2025-09-12 11:30:29,420 - __main__ - INFO - main:1100 - Starting application main loop
2025-09-12 11:30:33,686 - __main__ - INFO - load_model:410 - Loading model: large-v3, device: cuda, compute_type: float16
2025-09-12 11:30:33,687 - __main__ - INFO - load_model_thread:431 - Loading Whisper model: size=large-v3, device=cuda, compute_type=float16
2025-09-12 11:30:46,446 - __main__ - INFO - load_model_thread:442 - Model loaded successfully
2025-09-12 11:30:46,560 - __main__ - INFO - check_queue:805 - Model loaded successfully
2025-09-12 11:30:47,986 - __main__ - INFO - browse_file:492 - File selected: D:/循序渐进法语听说初级/循序渐进法语听说-初级2（Chapitre5-Chapitre10)/c6_17-22/c6_17-21.mp4
2025-09-12 11:30:55,338 - __main__ - INFO - start_processing:537 - Starting processing: D:/循序渐进法语听说初级/循序渐进法语听说-初级2（Chapitre5-Chapitre10)/c6_17-22/c6_17-21.mp4
2025-09-12 11:30:55,339 - __main__ - INFO - process_audio_thread:564 - Starting audio processing: D:/循序渐进法语听说初级/循序渐进法语听说-初级2（Chapitre5-Chapitre10)/c6_17-22/c6_17-21.mp4
2025-09-12 11:30:55,616 - __main__ - INFO - process_audio_thread:578 - Audio converted successfully: C:\Users\MAX\AppData\Local\Temp\tmpjnyhrmgi.wav
2025-09-12 11:30:55,627 - __main__ - INFO - process_audio_thread:603 - Audio loaded: 4.7 minutes
2025-09-12 11:30:57,171 - __main__ - ERROR - process_audio_thread:639 - Transcription failed: CUDA failed with error out of memory
2025-09-12 11:30:57,174 - __main__ - ERROR - process_audio_thread:640 - Traceback (most recent call last):
  File "C:\Users\MAX\Desktop\prompt\autoseg\autoseg.py", line 622, in process_audio_thread
    segments, info = self.model.transcribe(
                     ^^^^^^^^^^^^^^^^^^^^^^
  File "C:\Users\MAX\AppData\Local\Programs\Python\Python312\Lib\site-packages\faster_whisper\transcribe.py", line 900, in transcribe
    ) = self.detect_language(
        ^^^^^^^^^^^^^^^^^^^^^
  File "C:\Users\MAX\AppData\Local\Programs\Python\Python312\Lib\site-packages\faster_whisper\transcribe.py", line 1777, in detect_language
    encoder_output = self.encode(
                     ^^^^^^^^^^^^
  File "C:\Users\MAX\AppData\Local\Programs\Python\Python312\Lib\site-packages\faster_whisper\transcribe.py", line 1358, in encode
    return self.model.encode(features, to_cpu=to_cpu)
           ^^^^^^^^^^^^^^^^^^^^^^^^^^^^^^^^^^^^^^^^^^
RuntimeError: CUDA failed with error out of memory

2025-09-12 11:30:57,180 - __main__ - INFO - process_audio_thread:684 - Temporary file cleaned up: C:\Users\MAX\AppData\Local\Temp\tmpjnyhrmgi.wav
2025-09-12 11:31:00,524 - __main__ - ERROR - check_queue:830 - Processing error: 语音识别失败: CUDA failed with error out of memory
2025-09-12 11:31:22,757 - __main__ - INFO - start_processing:537 - Starting processing: D:/循序渐进法语听说初级/循序渐进法语听说-初级2（Chapitre5-Chapitre10)/c6_17-22/c6_17-21.mp4
2025-09-12 11:31:22,761 - __main__ - INFO - process_audio_thread:564 - Starting audio processing: D:/循序渐进法语听说初级/循序渐进法语听说-初级2（Chapitre5-Chapitre10)/c6_17-22/c6_17-21.mp4
2025-09-12 11:31:22,976 - __main__ - INFO - process_audio_thread:578 - Audio converted successfully: C:\Users\MAX\AppData\Local\Temp\tmpxqlrk8td.wav
2025-09-12 11:31:22,985 - __main__ - INFO - process_audio_thread:603 - Audio loaded: 4.7 minutes
2025-09-12 11:31:24,611 - __main__ - INFO - process_audio_thread:635 - Transcription completed. Detected language: fr
2025-09-12 11:31:51,971 - __main__ - INFO - perform_smart_segmentation:716 - Processing 561 words for segmentation
2025-09-12 11:31:51,971 - __main__ - INFO - perform_smart_segmentation:788 - Created 3 segments from smart segmentation
2025-09-12 11:31:51,972 - __main__ - INFO - process_audio_thread:655 - Segmentation completed: 3 segments
2025-09-12 11:31:51,974 - __main__ - INFO - process_audio_thread:684 - Temporary file cleaned up: C:\Users\MAX\AppData\Local\Temp\tmpxqlrk8td.wav
2025-09-12 11:31:52,194 - __main__ - INFO - check_queue:813 - Processing completed successfully
2025-09-12 11:32:14,092 - __main__ - INFO - cleanup_resources:197 - Resources cleaned up successfully
2025-09-12 14:51:16,155 - __main__ - INFO - setup_theme:1057 - ttkthemes not available, using default themes
2025-09-12 14:51:16,295 - __main__ - INFO - init_hardware_options:363 - CUDA available: 1 GPU(s), Primary: NVIDIA GeForce RTX 3060 Laptop GPU
2025-09-12 14:51:16,296 - __main__ - INFO - __init__:163 - Application initialized successfully
2025-09-12 14:51:16,296 - __main__ - INFO - main:1100 - Starting application main loop
2025-09-12 14:51:20,444 - __main__ - INFO - load_model:410 - Loading model: medium, device: cuda, compute_type: float16
2025-09-12 14:51:20,445 - __main__ - INFO - load_model_thread:431 - Loading Whisper model: size=medium, device=cuda, compute_type=float16
2025-09-12 14:51:26,002 - __main__ - INFO - load_model_thread:442 - Model loaded successfully
2025-09-12 14:51:26,104 - __main__ - INFO - check_queue:805 - Model loaded successfully
2025-09-12 14:51:41,748 - __main__ - INFO - process_audio_thread:578 - Audio converted successfully: C:\Users\MAX\AppData\Local\Temp\tmptl18ocuy.wav
2025-09-12 14:51:41,827 - __main__ - INFO - process_audio_thread:603 - Audio loaded: 76.1 minutes
2025-09-12 14:51:58,680 - __main__ - INFO - process_audio_thread:635 - Transcription completed. Detected language: en
2025-09-12 14:55:38,690 - __main__ - INFO - perform_smart_segmentation:716 - Processing 9459 words for segmentation
2025-09-12 14:55:38,694 - __main__ - INFO - perform_smart_segmentation:788 - Created 38 segments from smart segmentation
2025-09-12 14:55:38,695 - __main__ - INFO - process_audio_thread:655 - Segmentation completed: 38 segments
2025-09-12 14:55:38,707 - __main__ - INFO - process_audio_thread:684 - Temporary file cleaned up: C:\Users\MAX\AppData\Local\Temp\tmptl18ocuy.wav
2025-09-12 14:55:38,840 - __main__ - INFO - check_queue:813 - Processing completed successfully
2025-09-12 15:08:07,210 - __main__ - INFO - cleanup_resources:197 - Resources cleaned up successfully
2025-09-13 19:10:31,070 - __main__ - INFO - setup_theme:1057 - ttkthemes not available, using default themes
2025-09-13 19:10:31,241 - __main__ - INFO - init_hardware_options:363 - CUDA available: 1 GPU(s), Primary: NVIDIA GeForce RTX 3060 Laptop GPU
2025-09-13 19:10:31,241 - __main__ - INFO - __init__:163 - Application initialized successfully
2025-09-13 19:10:31,241 - __main__ - INFO - main:1100 - Starting application main loop
2025-09-13 19:10:38,680 - __main__ - INFO - load_model:410 - Loading model: base, device: cuda, compute_type: float16
2025-09-13 19:10:38,681 - __main__ - INFO - load_model_thread:431 - Loading Whisper model: size=base, device=cuda, compute_type=float16
2025-09-13 19:10:40,277 - __main__ - INFO - load_model_thread:442 - Model loaded successfully
2025-09-13 19:10:40,377 - __main__ - INFO - check_queue:805 - Model loaded successfully
2025-09-13 19:10:52,182 - __main__ - INFO - browse_file:492 - File selected: D:/vid/China and Russia Are Trolling Trump. [eLEu37QvZgQ].mp4
2025-09-13 19:10:55,816 - __main__ - INFO - start_processing:537 - Starting processing: D:/vid/China and Russia Are Trolling Trump. [eLEu37QvZgQ].mp4
2025-09-13 19:10:55,818 - __main__ - INFO - process_audio_thread:564 - Starting audio processing: D:/vid/China and Russia Are Trolling Trump. [eLEu37QvZgQ].mp4
2025-09-13 19:10:57,655 - __main__ - INFO - process_audio_thread:578 - Audio converted successfully: C:\Users\MAX\AppData\Local\Temp\tmpcvyeifvg.wav
2025-09-13 19:10:57,707 - __main__ - INFO - process_audio_thread:603 - Audio loaded: 48.2 minutes
2025-09-13 19:11:08,745 - __main__ - INFO - process_audio_thread:635 - Transcription completed. Detected language: en
2025-09-13 19:12:20,789 - __main__ - INFO - perform_smart_segmentation:716 - Processing 8867 words for segmentation
2025-09-13 19:12:20,792 - __main__ - INFO - perform_smart_segmentation:788 - Created 25 segments from smart segmentation
2025-09-13 19:12:20,793 - __main__ - INFO - process_audio_thread:655 - Segmentation completed: 25 segments
2025-09-13 19:12:20,801 - __main__ - INFO - process_audio_thread:684 - Temporary file cleaned up: C:\Users\MAX\AppData\Local\Temp\tmpcvyeifvg.wav
2025-09-13 19:12:20,961 - __main__ - INFO - check_queue:813 - Processing completed successfully
2025-09-13 19:12:35,293 - __main__ - INFO - save_to_txt:950 - Results saved to: D:/vid/China and Russia Are Trolling Trump. [eLEu37QvZgQ]_transcription.txt
2025-09-13 19:12:36,084 - __main__ - INFO - cleanup_resources:197 - Resources cleaned up successfully
2025-09-13 20:41:11,422 - __main__ - INFO - setup_theme:1057 - ttkthemes not available, using default themes
2025-09-13 20:41:11,546 - __main__ - INFO - init_hardware_options:363 - CUDA available: 1 GPU(s), Primary: NVIDIA GeForce RTX 3060 Laptop GPU
2025-09-13 20:41:11,546 - __main__ - INFO - __init__:163 - Application initialized successfully
2025-09-13 20:41:11,547 - __main__ - INFO - main:1100 - Starting application main loop
2025-09-13 20:41:13,717 - __main__ - INFO - load_model:410 - Loading model: base, device: cuda, compute_type: float16
2025-09-13 20:41:13,721 - __main__ - INFO - load_model_thread:431 - Loading Whisper model: size=base, device=cuda, compute_type=float16
2025-09-13 20:41:15,486 - __main__ - INFO - load_model_thread:442 - Model loaded successfully
2025-09-13 20:41:15,592 - __main__ - INFO - check_queue:805 - Model loaded successfully
2025-09-13 20:41:16,432 - __main__ - INFO - browse_file:492 - File selected: D:/vid/Xi Jinping’s paranoid approach to AGI, debt crisis, & Politburo politics ― Victor Shih [b1TeeIG6Uaw].mp4
2025-09-13 20:41:20,301 - __main__ - INFO - start_processing:537 - Starting processing: D:/vid/Xi Jinping’s paranoid approach to AGI, debt crisis, & Politburo politics ― Victor Shih [b1TeeIG6Uaw].mp4
2025-09-13 20:41:20,302 - __main__ - INFO - process_audio_thread:564 - Starting audio processing: D:/vid/Xi Jinping’s paranoid approach to AGI, debt crisis, & Politburo politics ― Victor Shih [b1TeeIG6Uaw].mp4
2025-09-13 20:41:24,211 - __main__ - INFO - process_audio_thread:578 - Audio converted successfully: C:\Users\MAX\AppData\Local\Temp\tmpe8z1qbuf.wav
2025-09-13 20:41:24,329 - __main__ - INFO - process_audio_thread:603 - Audio loaded: 89.9 minutes
2025-09-13 20:41:48,786 - __main__ - INFO - process_audio_thread:635 - Transcription completed. Detected language: en
2025-09-13 20:43:30,596 - __main__ - INFO - perform_smart_segmentation:716 - Processing 15463 words for segmentation
2025-09-13 20:43:30,601 - __main__ - INFO - perform_smart_segmentation:788 - Created 46 segments from smart segmentation
2025-09-13 20:43:30,602 - __main__ - INFO - process_audio_thread:655 - Segmentation completed: 46 segments
2025-09-13 20:43:30,604 - __main__ - INFO - process_audio_thread:684 - Temporary file cleaned up: C:\Users\MAX\AppData\Local\Temp\tmpe8z1qbuf.wav
2025-09-13 20:43:30,874 - __main__ - INFO - check_queue:813 - Processing completed successfully
2025-09-13 20:43:38,605 - __main__ - INFO - save_to_txt:950 - Results saved to: D:/vid/Xi Jinping’s paranoid approach to AGI, debt crisis, & Politburo politics ― Victor Shih [b1TeeIG6Uaw]_transcription.txt
2025-09-13 20:43:39,594 - __main__ - INFO - cleanup_resources:197 - Resources cleaned up successfully
2025-09-13 22:34:12,959 - __main__ - INFO - setup_theme:1057 - ttkthemes not available, using default themes
2025-09-13 22:34:13,147 - __main__ - INFO - init_hardware_options:363 - CUDA available: 1 GPU(s), Primary: NVIDIA GeForce RTX 3060 Laptop GPU
2025-09-13 22:34:13,147 - __main__ - INFO - __init__:163 - Application initialized successfully
2025-09-13 22:34:13,147 - __main__ - INFO - main:1100 - Starting application main loop
2025-09-13 22:34:14,684 - __main__ - INFO - load_model:410 - Loading model: base, device: cuda, compute_type: float16
2025-09-13 22:34:14,686 - __main__ - INFO - load_model_thread:431 - Loading Whisper model: size=base, device=cuda, compute_type=float16
2025-09-13 22:34:16,356 - __main__ - INFO - load_model_thread:442 - Model loaded successfully
2025-09-13 22:34:16,461 - __main__ - INFO - check_queue:805 - Model loaded successfully
2025-09-13 22:34:26,401 - __main__ - INFO - browse_file:492 - File selected: D:/vid/Historian Tom Holland： Islam, Christianity & the West [29QRPGrlgjY].mp4
2025-09-13 22:34:31,580 - __main__ - INFO - start_processing:537 - Starting processing: D:/vid/Historian Tom Holland： Islam, Christianity & the West [29QRPGrlgjY].mp4
2025-09-13 22:34:31,581 - __main__ - INFO - process_audio_thread:564 - Starting audio processing: D:/vid/Historian Tom Holland： Islam, Christianity & the West [29QRPGrlgjY].mp4
2025-09-13 22:34:34,532 - __main__ - INFO - process_audio_thread:578 - Audio converted successfully: C:\Users\MAX\AppData\Local\Temp\tmpbon25uiq.wav
2025-09-13 22:34:34,631 - __main__ - INFO - process_audio_thread:603 - Audio loaded: 86.5 minutes
2025-09-13 22:34:55,546 - __main__ - INFO - process_audio_thread:635 - Transcription completed. Detected language: en
2025-09-13 22:36:35,764 - __main__ - INFO - perform_smart_segmentation:716 - Processing 13188 words for segmentation
2025-09-13 22:36:35,769 - __main__ - INFO - perform_smart_segmentation:788 - Created 44 segments from smart segmentation
2025-09-13 22:36:35,770 - __main__ - INFO - process_audio_thread:655 - Segmentation completed: 44 segments
2025-09-13 22:36:35,772 - __main__ - INFO - process_audio_thread:684 - Temporary file cleaned up: C:\Users\MAX\AppData\Local\Temp\tmpbon25uiq.wav
2025-09-13 22:36:36,074 - __main__ - INFO - check_queue:813 - Processing completed successfully
2025-09-13 22:37:22,181 - __main__ - INFO - save_to_txt:950 - Results saved to: D:/vid/Historian Tom Holland： Islam, Christianity & the West [29QRPGrlgjY]_transcription.txt
2025-09-13 22:37:23,265 - __main__ - INFO - cleanup_resources:197 - Resources cleaned up successfully
